mode: set
github.com/rackerlabs/openCenter-cli/internal/util/errors/error_aggregator.go:31.58,36.2 1 1
github.com/rackerlabs/openCenter-cli/internal/util/errors/error_aggregator.go:39.54,40.16 1 1
github.com/rackerlabs/openCenter-cli/internal/util/errors/error_aggregator.go:40.16,42.3 1 1
github.com/rackerlabs/openCenter-cli/internal/util/errors/error_aggregator.go:46.79,47.16 1 1
github.com/rackerlabs/openCenter-cli/internal/util/errors/error_aggregator.go:47.16,50.3 2 1
github.com/rackerlabs/openCenter-cli/internal/util/errors/error_aggregator.go:54.51,56.2 1 1
github.com/rackerlabs/openCenter-cli/internal/util/errors/error_aggregator.go:59.54,61.2 1 1
github.com/rackerlabs/openCenter-cli/internal/util/errors/error_aggregator.go:64.79,67.31 2 1
github.com/rackerlabs/openCenter-cli/internal/util/errors/error_aggregator.go:67.31,68.54 1 1
github.com/rackerlabs/openCenter-cli/internal/util/errors/error_aggregator.go:68.54,69.39 1 1
github.com/rackerlabs/openCenter-cli/internal/util/errors/error_aggregator.go:69.39,71.5 1 1
github.com/rackerlabs/openCenter-cli/internal/util/errors/error_aggregator.go:72.9,75.39 2 1
github.com/rackerlabs/openCenter-cli/internal/util/errors/error_aggregator.go:75.39,77.5 1 1
github.com/rackerlabs/openCenter-cli/internal/util/errors/error_aggregator.go:81.2,81.23 1 1
github.com/rackerlabs/openCenter-cli/internal/util/errors/error_aggregator.go:85.42,87.2 1 1
github.com/rackerlabs/openCenter-cli/internal/util/errors/error_aggregator.go:90.50,91.24 1 1
github.com/rackerlabs/openCenter-cli/internal/util/errors/error_aggregator.go:91.24,93.3 1 1
github.com/rackerlabs/openCenter-cli/internal/util/errors/error_aggregator.go:95.2,95.24 1 1
github.com/rackerlabs/openCenter-cli/internal/util/errors/error_aggregator.go:95.24,97.3 1 1
github.com/rackerlabs/openCenter-cli/internal/util/errors/error_aggregator.go:99.2,99.43 1 1
github.com/rackerlabs/openCenter-cli/internal/util/errors/error_aggregator.go:103.46,105.2 1 1
github.com/rackerlabs/openCenter-cli/internal/util/errors/error_aggregator.go:108.71,110.2 1 1
github.com/rackerlabs/openCenter-cli/internal/util/errors/error_aggregator.go:113.54,114.24 1 1
github.com/rackerlabs/openCenter-cli/internal/util/errors/error_aggregator.go:114.24,116.3 1 1
github.com/rackerlabs/openCenter-cli/internal/util/errors/error_aggregator.go:118.2,118.24 1 1
github.com/rackerlabs/openCenter-cli/internal/util/errors/error_aggregator.go:118.24,120.3 1 1
github.com/rackerlabs/openCenter-cli/internal/util/errors/error_aggregator.go:123.2,124.31 2 1
github.com/rackerlabs/openCenter-cli/internal/util/errors/error_aggregator.go:124.31,127.3 2 1
github.com/rackerlabs/openCenter-cli/internal/util/errors/error_aggregator.go:129.2,132.46 3 1
github.com/rackerlabs/openCenter-cli/internal/util/errors/error_aggregator.go:132.46,134.30 2 1
github.com/rackerlabs/openCenter-cli/internal/util/errors/error_aggregator.go:134.30,135.13 1 1
github.com/rackerlabs/openCenter-cli/internal/util/errors/error_aggregator.go:135.13,137.5 1 1
github.com/rackerlabs/openCenter-cli/internal/util/errors/error_aggregator.go:137.10,137.21 1 1
github.com/rackerlabs/openCenter-cli/internal/util/errors/error_aggregator.go:137.21,139.10 2 1
github.com/rackerlabs/openCenter-cli/internal/util/errors/error_aggregator.go:144.2,144.25 1 1
github.com/rackerlabs/openCenter-cli/internal/util/errors/error_aggregator.go:154.54,159.2 1 1
github.com/rackerlabs/openCenter-cli/internal/util/errors/error_aggregator.go:162.55,163.16 1 1
github.com/rackerlabs/openCenter-cli/internal/util/errors/error_aggregator.go:163.16,165.3 1 1
github.com/rackerlabs/openCenter-cli/internal/util/errors/error_aggregator.go:169.80,170.16 1 1
github.com/rackerlabs/openCenter-cli/internal/util/errors/error_aggregator.go:170.16,173.3 2 1
github.com/rackerlabs/openCenter-cli/internal/util/errors/error_aggregator.go:177.52,179.2 1 1
github.com/rackerlabs/openCenter-cli/internal/util/errors/error_aggregator.go:182.55,184.2 1 1
github.com/rackerlabs/openCenter-cli/internal/util/errors/error_aggregator.go:187.72,193.37 2 1
github.com/rackerlabs/openCenter-cli/internal/util/errors/error_aggregator.go:193.37,194.54 1 1
github.com/rackerlabs/openCenter-cli/internal/util/errors/error_aggregator.go:194.54,196.4 1 1
github.com/rackerlabs/openCenter-cli/internal/util/errors/error_aggregator.go:196.9,199.4 2 1
github.com/rackerlabs/openCenter-cli/internal/util/errors/error_aggregator.go:203.2,203.38 1 1
github.com/rackerlabs/openCenter-cli/internal/util/errors/error_aggregator.go:203.38,204.58 1 1
github.com/rackerlabs/openCenter-cli/internal/util/errors/error_aggregator.go:204.58,206.4 1 1
github.com/rackerlabs/openCenter-cli/internal/util/errors/error_aggregator.go:206.9,209.4 2 1
github.com/rackerlabs/openCenter-cli/internal/util/errors/error_aggregator.go:212.2,212.15 1 1
github.com/rackerlabs/openCenter-cli/internal/util/errors/error_aggregator.go:216.49,218.2 1 1
github.com/rackerlabs/openCenter-cli/internal/util/errors/error_aggregator.go:221.44,224.2 2 1
github.com/rackerlabs/openCenter-cli/internal/util/errors/error_aggregator.go:233.54,238.2 1 1
github.com/rackerlabs/openCenter-cli/internal/util/errors/error_aggregator.go:241.73,242.16 1 1
github.com/rackerlabs/openCenter-cli/internal/util/errors/error_aggregator.go:242.16,244.3 1 1
github.com/rackerlabs/openCenter-cli/internal/util/errors/error_aggregator.go:246.2,246.35 1 1
github.com/rackerlabs/openCenter-cli/internal/util/errors/error_aggregator.go:246.35,248.3 1 1
github.com/rackerlabs/openCenter-cli/internal/util/errors/error_aggregator.go:250.2,250.56 1 1
github.com/rackerlabs/openCenter-cli/internal/util/errors/error_aggregator.go:254.71,255.58 1 1
github.com/rackerlabs/openCenter-cli/internal/util/errors/error_aggregator.go:255.58,257.3 1 1
github.com/rackerlabs/openCenter-cli/internal/util/errors/error_aggregator.go:258.2,258.12 1 1
github.com/rackerlabs/openCenter-cli/internal/util/errors/error_aggregator.go:262.73,264.49 2 1
github.com/rackerlabs/openCenter-cli/internal/util/errors/error_aggregator.go:264.49,266.3 1 1
github.com/rackerlabs/openCenter-cli/internal/util/errors/error_aggregator.go:267.2,267.15 1 1
github.com/rackerlabs/openCenter-cli/internal/util/errors/error_aggregator.go:271.68,272.58 1 1
github.com/rackerlabs/openCenter-cli/internal/util/errors/error_aggregator.go:272.58,274.3 1 1
github.com/rackerlabs/openCenter-cli/internal/util/errors/error_aggregator.go:275.2,275.14 1 1
github.com/rackerlabs/openCenter-cli/internal/util/errors/error_aggregator.go:279.54,280.45 1 1
github.com/rackerlabs/openCenter-cli/internal/util/errors/error_aggregator.go:280.45,281.29 1 1
github.com/rackerlabs/openCenter-cli/internal/util/errors/error_aggregator.go:281.29,283.4 1 1
github.com/rackerlabs/openCenter-cli/internal/util/errors/error_aggregator.go:285.2,285.14 1 1
github.com/rackerlabs/openCenter-cli/internal/util/errors/error_aggregator.go:289.50,290.25 1 1
github.com/rackerlabs/openCenter-cli/internal/util/errors/error_aggregator.go:290.25,292.3 1 1
github.com/rackerlabs/openCenter-cli/internal/util/errors/error_aggregator.go:294.2,295.45 2 1
github.com/rackerlabs/openCenter-cli/internal/util/errors/error_aggregator.go:295.45,297.3 1 1
github.com/rackerlabs/openCenter-cli/internal/util/errors/error_aggregator.go:299.2,299.25 1 1
github.com/rackerlabs/openCenter-cli/internal/util/errors/error_aggregator.go:299.25,301.3 1 1
github.com/rackerlabs/openCenter-cli/internal/util/errors/error_aggregator.go:303.2,303.44 1 1
github.com/rackerlabs/openCenter-cli/internal/util/errors/error_handler.go:31.52,37.2 3 1
github.com/rackerlabs/openCenter-cli/internal/util/errors/error_handler.go:40.71,41.16 1 1
github.com/rackerlabs/openCenter-cli/internal/util/errors/error_handler.go:41.16,43.3 1 1
github.com/rackerlabs/openCenter-cli/internal/util/errors/error_handler.go:46.2,46.53 1 1
github.com/rackerlabs/openCenter-cli/internal/util/errors/error_handler.go:46.53,48.3 1 1
github.com/rackerlabs/openCenter-cli/internal/util/errors/error_handler.go:51.2,59.3 2 1
github.com/rackerlabs/openCenter-cli/internal/util/errors/error_handler.go:63.61,64.16 1 1
github.com/rackerlabs/openCenter-cli/internal/util/errors/error_handler.go:64.16,66.3 1 1
github.com/rackerlabs/openCenter-cli/internal/util/errors/error_handler.go:68.2,73.37 3 1
github.com/rackerlabs/openCenter-cli/internal/util/errors/error_handler.go:73.37,75.3 1 1
github.com/rackerlabs/openCenter-cli/internal/util/errors/error_handler.go:78.2,78.35 1 1
github.com/rackerlabs/openCenter-cli/internal/util/errors/error_handler.go:78.35,80.3 1 1
github.com/rackerlabs/openCenter-cli/internal/util/errors/error_handler.go:83.2,83.34 1 1
github.com/rackerlabs/openCenter-cli/internal/util/errors/error_handler.go:83.34,85.35 2 1
github.com/rackerlabs/openCenter-cli/internal/util/errors/error_handler.go:85.35,87.38 2 1
github.com/rackerlabs/openCenter-cli/internal/util/errors/error_handler.go:87.38,89.5 1 1
github.com/rackerlabs/openCenter-cli/internal/util/errors/error_handler.go:91.3,91.60 1 1
github.com/rackerlabs/openCenter-cli/internal/util/errors/error_handler.go:95.2,95.31 1 1
github.com/rackerlabs/openCenter-cli/internal/util/errors/error_handler.go:95.31,97.3 1 1
github.com/rackerlabs/openCenter-cli/internal/util/errors/error_handler.go:100.2,105.40 3 1
github.com/rackerlabs/openCenter-cli/internal/util/errors/error_handler.go:105.40,107.56 2 1
github.com/rackerlabs/openCenter-cli/internal/util/errors/error_handler.go:107.56,109.4 1 1
github.com/rackerlabs/openCenter-cli/internal/util/errors/error_handler.go:112.2,112.15 1 1
github.com/rackerlabs/openCenter-cli/internal/util/errors/error_handler.go:116.66,117.16 1 1
github.com/rackerlabs/openCenter-cli/internal/util/errors/error_handler.go:117.16,119.3 1 1
github.com/rackerlabs/openCenter-cli/internal/util/errors/error_handler.go:122.2,122.53 1 1
github.com/rackerlabs/openCenter-cli/internal/util/errors/error_handler.go:122.53,123.41 1 1
github.com/rackerlabs/openCenter-cli/internal/util/errors/error_handler.go:123.41,125.4 1 1
github.com/rackerlabs/openCenter-cli/internal/util/errors/error_handler.go:128.2,132.59 3 1
github.com/rackerlabs/openCenter-cli/internal/util/errors/error_handler.go:132.59,134.3 1 1
github.com/rackerlabs/openCenter-cli/internal/util/errors/error_handler.go:137.2,140.100 2 1
github.com/rackerlabs/openCenter-cli/internal/util/errors/error_handler.go:140.100,144.46 4 1
github.com/rackerlabs/openCenter-cli/internal/util/errors/error_handler.go:144.46,146.4 1 1
github.com/rackerlabs/openCenter-cli/internal/util/errors/error_handler.go:150.2,150.109 1 1
github.com/rackerlabs/openCenter-cli/internal/util/errors/error_handler.go:150.109,154.43 4 1
github.com/rackerlabs/openCenter-cli/internal/util/errors/error_handler.go:154.43,156.4 1 1
github.com/rackerlabs/openCenter-cli/internal/util/errors/error_handler.go:160.2,160.87 1 1
github.com/rackerlabs/openCenter-cli/internal/util/errors/error_handler.go:160.87,164.81 4 1
github.com/rackerlabs/openCenter-cli/internal/util/errors/error_handler.go:164.81,166.4 1 1
github.com/rackerlabs/openCenter-cli/internal/util/errors/error_handler.go:170.2,170.105 1 1
github.com/rackerlabs/openCenter-cli/internal/util/errors/error_handler.go:170.105,175.3 4 1
github.com/rackerlabs/openCenter-cli/internal/util/errors/error_handler.go:178.2,178.86 1 1
github.com/rackerlabs/openCenter-cli/internal/util/errors/error_handler.go:178.86,183.3 4 1
github.com/rackerlabs/openCenter-cli/internal/util/errors/error_handler.go:186.2,186.121 1 1
github.com/rackerlabs/openCenter-cli/internal/util/errors/error_handler.go:186.121,191.3 4 1
github.com/rackerlabs/openCenter-cli/internal/util/errors/error_handler.go:194.2,194.44 1 1
github.com/rackerlabs/openCenter-cli/internal/util/errors/error_handler.go:194.44,199.3 4 1
github.com/rackerlabs/openCenter-cli/internal/util/errors/error_handler.go:202.2,202.121 1 1
github.com/rackerlabs/openCenter-cli/internal/util/errors/error_handler.go:202.121,207.3 4 1
github.com/rackerlabs/openCenter-cli/internal/util/errors/error_handler.go:210.2,210.42 1 1
github.com/rackerlabs/openCenter-cli/internal/util/errors/error_handler.go:210.42,215.3 4 1
github.com/rackerlabs/openCenter-cli/internal/util/errors/error_handler.go:218.2,218.43 1 1
github.com/rackerlabs/openCenter-cli/internal/util/errors/error_handler.go:218.43,223.3 4 1
github.com/rackerlabs/openCenter-cli/internal/util/errors/error_handler.go:226.2,226.86 1 1
github.com/rackerlabs/openCenter-cli/internal/util/errors/error_handler.go:226.86,231.3 4 1
github.com/rackerlabs/openCenter-cli/internal/util/errors/error_handler.go:234.2,234.92 1 1
github.com/rackerlabs/openCenter-cli/internal/util/errors/error_handler.go:234.92,239.3 4 1
github.com/rackerlabs/openCenter-cli/internal/util/errors/error_handler.go:242.2,242.80 1 1
github.com/rackerlabs/openCenter-cli/internal/util/errors/error_handler.go:242.80,247.3 4 1
github.com/rackerlabs/openCenter-cli/internal/util/errors/error_handler.go:250.2,250.27 1 1
github.com/rackerlabs/openCenter-cli/internal/util/errors/error_handler.go:250.27,257.3 1 0
github.com/rackerlabs/openCenter-cli/internal/util/errors/error_handler.go:259.2,259.20 1 1
github.com/rackerlabs/openCenter-cli/internal/util/errors/error_handler.go:263.94,264.39 1 1
github.com/rackerlabs/openCenter-cli/internal/util/errors/error_handler.go:264.39,265.32 1 1
github.com/rackerlabs/openCenter-cli/internal/util/errors/error_handler.go:265.32,267.4 1 1
github.com/rackerlabs/openCenter-cli/internal/util/errors/error_handler.go:269.2,269.43 1 1
github.com/rackerlabs/openCenter-cli/internal/util/errors/error_handler.go:273.59,274.16 1 1
github.com/rackerlabs/openCenter-cli/internal/util/errors/error_handler.go:274.16,276.3 1 1
github.com/rackerlabs/openCenter-cli/internal/util/errors/error_handler.go:278.2,284.43 2 1
github.com/rackerlabs/openCenter-cli/internal/util/errors/error_handler.go:284.43,286.3 1 1
github.com/rackerlabs/openCenter-cli/internal/util/errors/error_handler.go:289.2,290.45 1 1
github.com/rackerlabs/openCenter-cli/internal/util/errors/error_handler.go:290.45,292.3 1 1
github.com/rackerlabs/openCenter-cli/internal/util/errors/error_handler.go:295.2,297.47 1 1
github.com/rackerlabs/openCenter-cli/internal/util/errors/error_handler.go:297.47,299.3 1 1
github.com/rackerlabs/openCenter-cli/internal/util/errors/error_handler.go:301.2,301.14 1 1
github.com/rackerlabs/openCenter-cli/internal/util/errors/error_handler.go:305.71,306.16 1 1
github.com/rackerlabs/openCenter-cli/internal/util/errors/error_handler.go:306.16,308.3 1 1
github.com/rackerlabs/openCenter-cli/internal/util/errors/error_handler.go:310.2,312.9 2 1
github.com/rackerlabs/openCenter-cli/internal/util/errors/error_handler.go:313.89,314.25 1 1
github.com/rackerlabs/openCenter-cli/internal/util/errors/error_handler.go:316.123,317.19 1 1
github.com/rackerlabs/openCenter-cli/internal/util/errors/error_handler.go:319.88,320.25 1 1
github.com/rackerlabs/openCenter-cli/internal/util/errors/error_handler.go:322.46,323.23 1 1
github.com/rackerlabs/openCenter-cli/internal/util/errors/error_handler.go:325.86,326.19 1 1
github.com/rackerlabs/openCenter-cli/internal/util/errors/error_handler.go:328.44,329.21 1 1
github.com/rackerlabs/openCenter-cli/internal/util/errors/error_handler.go:331.89,332.22 1 1
github.com/rackerlabs/openCenter-cli/internal/util/errors/error_handler.go:334.123,335.20 1 1
github.com/rackerlabs/openCenter-cli/internal/util/errors/error_handler.go:337.142,338.25 1 1
github.com/rackerlabs/openCenter-cli/internal/util/errors/error_handler.go:340.85,341.22 1 1
github.com/rackerlabs/openCenter-cli/internal/util/errors/error_handler.go:343.131,344.25 1 1
github.com/rackerlabs/openCenter-cli/internal/util/errors/error_handler.go:346.10,347.21 1 1
github.com/rackerlabs/openCenter-cli/internal/util/errors/error_handler.go:352.55,436.2 13 1
github.com/rackerlabs/openCenter-cli/internal/util/errors/error_handler.go:439.91,447.2 1 1
github.com/rackerlabs/openCenter-cli/internal/util/errors/error_handler.go:450.74,467.2 2 1
github.com/rackerlabs/openCenter-cli/internal/util/errors/error_handler.go:470.86,487.2 2 1
github.com/rackerlabs/openCenter-cli/internal/util/errors/error_handler.go:490.79,508.2 2 1
github.com/rackerlabs/openCenter-cli/internal/util/errors/error_handler.go:511.77,527.2 2 1
github.com/rackerlabs/openCenter-cli/internal/util/errors/error_handler.go:530.42,532.2 1 1
github.com/rackerlabs/openCenter-cli/internal/util/errors/error_handler.go:535.40,537.2 1 1
github.com/rackerlabs/openCenter-cli/internal/util/errors/error_handler.go:540.37,541.16 1 1
github.com/rackerlabs/openCenter-cli/internal/util/errors/error_handler.go:541.16,543.3 1 1
github.com/rackerlabs/openCenter-cli/internal/util/errors/error_handler.go:544.2,544.66 1 1
github.com/rackerlabs/openCenter-cli/internal/util/errors/error_handler.go:548.90,566.2 2 1
github.com/rackerlabs/openCenter-cli/internal/util/errors/error_handler.go:569.97,587.2 2 1
github.com/rackerlabs/openCenter-cli/internal/util/errors/error_handler.go:590.95,608.2 2 1
github.com/rackerlabs/openCenter-cli/internal/util/errors/error_handler.go:611.109,630.2 2 1
github.com/rackerlabs/openCenter-cli/internal/util/errors/error_handler.go:633.133,653.2 2 1
github.com/rackerlabs/openCenter-cli/internal/util/errors/error_handler.go:656.81,675.2 2 1
github.com/rackerlabs/openCenter-cli/internal/util/errors/error_handler.go:678.106,698.2 2 1
github.com/rackerlabs/openCenter-cli/internal/util/errors/error_wrapper.go:28.52,30.2 1 1
github.com/rackerlabs/openCenter-cli/internal/util/errors/error_wrapper.go:33.74,34.16 1 1
github.com/rackerlabs/openCenter-cli/internal/util/errors/error_wrapper.go:34.16,36.3 1 1
github.com/rackerlabs/openCenter-cli/internal/util/errors/error_wrapper.go:39.2,39.53 1 1
github.com/rackerlabs/openCenter-cli/internal/util/errors/error_wrapper.go:39.53,49.3 1 1
github.com/rackerlabs/openCenter-cli/internal/util/errors/error_wrapper.go:51.2,51.43 1 1
github.com/rackerlabs/openCenter-cli/internal/util/errors/error_wrapper.go:55.106,56.16 1 1
github.com/rackerlabs/openCenter-cli/internal/util/errors/error_wrapper.go:56.16,58.3 1 1
github.com/rackerlabs/openCenter-cli/internal/util/errors/error_wrapper.go:60.2,63.60 2 1
github.com/rackerlabs/openCenter-cli/internal/util/errors/error_wrapper.go:63.60,64.35 1 1
github.com/rackerlabs/openCenter-cli/internal/util/errors/error_wrapper.go:64.35,66.4 1 1
github.com/rackerlabs/openCenter-cli/internal/util/errors/error_wrapper.go:69.3,69.17 1 1
github.com/rackerlabs/openCenter-cli/internal/util/errors/error_wrapper.go:69.17,70.62 1 1
github.com/rackerlabs/openCenter-cli/internal/util/errors/error_wrapper.go:70.62,72.5 1 1
github.com/rackerlabs/openCenter-cli/internal/util/errors/error_wrapper.go:73.4,73.53 1 1
github.com/rackerlabs/openCenter-cli/internal/util/errors/error_wrapper.go:73.53,75.5 1 1
github.com/rackerlabs/openCenter-cli/internal/util/errors/error_wrapper.go:76.4,76.61 1 1
github.com/rackerlabs/openCenter-cli/internal/util/errors/error_wrapper.go:76.61,78.5 1 1
github.com/rackerlabs/openCenter-cli/internal/util/errors/error_wrapper.go:82.2,82.19 1 1
github.com/rackerlabs/openCenter-cli/internal/util/errors/error_wrapper.go:86.103,87.16 1 1
github.com/rackerlabs/openCenter-cli/internal/util/errors/error_wrapper.go:87.16,89.3 1 1
github.com/rackerlabs/openCenter-cli/internal/util/errors/error_wrapper.go:92.2,100.58 2 1
github.com/rackerlabs/openCenter-cli/internal/util/errors/error_wrapper.go:100.58,107.3 4 1
github.com/rackerlabs/openCenter-cli/internal/util/errors/error_wrapper.go:110.2,114.22 4 1
github.com/rackerlabs/openCenter-cli/internal/util/errors/error_wrapper.go:118.60,119.16 1 1
github.com/rackerlabs/openCenter-cli/internal/util/errors/error_wrapper.go:119.16,121.3 1 1
github.com/rackerlabs/openCenter-cli/internal/util/errors/error_wrapper.go:124.2,124.53 1 1
github.com/rackerlabs/openCenter-cli/internal/util/errors/error_wrapper.go:124.53,126.3 1 1
github.com/rackerlabs/openCenter-cli/internal/util/errors/error_wrapper.go:129.2,133.34 2 1
github.com/rackerlabs/openCenter-cli/internal/util/errors/error_wrapper.go:133.34,135.3 1 1
github.com/rackerlabs/openCenter-cli/internal/util/errors/error_wrapper.go:137.2,137.12 1 1
github.com/rackerlabs/openCenter-cli/internal/util/errors/error_wrapper.go:141.51,142.16 1 1
github.com/rackerlabs/openCenter-cli/internal/util/errors/error_wrapper.go:142.16,144.3 1 1
github.com/rackerlabs/openCenter-cli/internal/util/errors/error_wrapper.go:146.2,146.53 1 1
github.com/rackerlabs/openCenter-cli/internal/util/errors/error_wrapper.go:146.53,149.3 2 1
github.com/rackerlabs/openCenter-cli/internal/util/errors/error_wrapper.go:151.2,157.3 1 1
github.com/rackerlabs/openCenter-cli/internal/util/errors/error_wrapper.go:161.66,162.16 1 1
github.com/rackerlabs/openCenter-cli/internal/util/errors/error_wrapper.go:162.16,164.3 1 1
github.com/rackerlabs/openCenter-cli/internal/util/errors/error_wrapper.go:166.2,166.53 1 1
github.com/rackerlabs/openCenter-cli/internal/util/errors/error_wrapper.go:166.53,169.3 2 1
github.com/rackerlabs/openCenter-cli/internal/util/errors/error_wrapper.go:171.2,175.22 4 1
github.com/rackerlabs/openCenter-cli/internal/util/errors/error_wrapper.go:179.71,180.16 1 1
github.com/rackerlabs/openCenter-cli/internal/util/errors/error_wrapper.go:180.16,182.3 1 1
github.com/rackerlabs/openCenter-cli/internal/util/errors/error_wrapper.go:184.2,184.53 1 1
github.com/rackerlabs/openCenter-cli/internal/util/errors/error_wrapper.go:184.53,185.35 1 1
github.com/rackerlabs/openCenter-cli/internal/util/errors/error_wrapper.go:185.35,187.4 1 1
github.com/rackerlabs/openCenter-cli/internal/util/errors/error_wrapper.go:188.3,188.29 1 1
github.com/rackerlabs/openCenter-cli/internal/util/errors/error_wrapper.go:188.29,190.4 1 1
github.com/rackerlabs/openCenter-cli/internal/util/errors/error_wrapper.go:191.3,191.23 1 1
github.com/rackerlabs/openCenter-cli/internal/util/errors/error_wrapper.go:194.2,198.22 4 1
github.com/rackerlabs/openCenter-cli/internal/util/errors/error_wrapper.go:202.35,205.29 2 1
github.com/rackerlabs/openCenter-cli/internal/util/errors/error_wrapper.go:205.29,206.17 1 1
github.com/rackerlabs/openCenter-cli/internal/util/errors/error_wrapper.go:206.17,207.12 1 1
github.com/rackerlabs/openCenter-cli/internal/util/errors/error_wrapper.go:210.3,210.20 1 1
github.com/rackerlabs/openCenter-cli/internal/util/errors/error_wrapper.go:210.20,212.4 1 1
github.com/rackerlabs/openCenter-cli/internal/util/errors/error_wrapper.go:212.9,215.4 2 1
github.com/rackerlabs/openCenter-cli/internal/util/errors/error_wrapper.go:218.2,218.15 1 1
github.com/rackerlabs/openCenter-cli/internal/util/errors/error_wrapper.go:222.51,223.16 1 1
github.com/rackerlabs/openCenter-cli/internal/util/errors/error_wrapper.go:223.16,225.3 1 1
github.com/rackerlabs/openCenter-cli/internal/util/errors/error_wrapper.go:227.2,227.53 1 1
github.com/rackerlabs/openCenter-cli/internal/util/errors/error_wrapper.go:227.53,229.35 1 1
github.com/rackerlabs/openCenter-cli/internal/util/errors/error_wrapper.go:229.35,231.4 1 1
github.com/rackerlabs/openCenter-cli/internal/util/errors/error_wrapper.go:234.3,234.74 1 1
github.com/rackerlabs/openCenter-cli/internal/util/errors/error_wrapper.go:234.74,236.4 1 1
github.com/rackerlabs/openCenter-cli/internal/util/errors/error_wrapper.go:236.9,238.4 1 1
github.com/rackerlabs/openCenter-cli/internal/util/errors/error_wrapper.go:240.3,240.23 1 1
github.com/rackerlabs/openCenter-cli/internal/util/errors/error_wrapper.go:243.2,243.55 1 1
github.com/rackerlabs/openCenter-cli/internal/util/errors/error_wrapper.go:247.76,248.16 1 1
github.com/rackerlabs/openCenter-cli/internal/util/errors/error_wrapper.go:248.16,250.3 1 1
github.com/rackerlabs/openCenter-cli/internal/util/errors/error_wrapper.go:252.2,252.53 1 1
github.com/rackerlabs/openCenter-cli/internal/util/errors/error_wrapper.go:252.53,256.3 3 1
github.com/rackerlabs/openCenter-cli/internal/util/errors/error_wrapper.go:258.2,263.22 5 1
github.com/rackerlabs/openCenter-cli/internal/util/errors/error_wrapper.go:267.99,268.16 1 1
github.com/rackerlabs/openCenter-cli/internal/util/errors/error_wrapper.go:268.16,270.3 1 1
github.com/rackerlabs/openCenter-cli/internal/util/errors/error_wrapper.go:272.2,272.53 1 1
github.com/rackerlabs/openCenter-cli/internal/util/errors/error_wrapper.go:272.53,277.3 4 1
github.com/rackerlabs/openCenter-cli/internal/util/errors/error_wrapper.go:279.2,285.22 6 1
github.com/rackerlabs/openCenter-cli/internal/util/errors/error_wrapper.go:289.59,290.16 1 1
github.com/rackerlabs/openCenter-cli/internal/util/errors/error_wrapper.go:290.16,292.3 1 1
github.com/rackerlabs/openCenter-cli/internal/util/errors/error_wrapper.go:294.2,294.53 1 1
github.com/rackerlabs/openCenter-cli/internal/util/errors/error_wrapper.go:294.53,297.3 2 1
github.com/rackerlabs/openCenter-cli/internal/util/errors/error_wrapper.go:299.2,303.22 4 1
github.com/rackerlabs/openCenter-cli/internal/util/errors/error_wrapper.go:307.108,308.16 1 1
github.com/rackerlabs/openCenter-cli/internal/util/errors/error_wrapper.go:308.16,310.3 1 1
github.com/rackerlabs/openCenter-cli/internal/util/errors/error_wrapper.go:312.2,312.53 1 1
github.com/rackerlabs/openCenter-cli/internal/util/errors/error_wrapper.go:312.53,318.3 5 1
github.com/rackerlabs/openCenter-cli/internal/util/errors/error_wrapper.go:320.2,327.22 7 1
github.com/rackerlabs/openCenter-cli/internal/util/errors/interfaces.go:84.42,85.19 1 1
github.com/rackerlabs/openCenter-cli/internal/util/errors/interfaces.go:85.19,87.3 1 1
github.com/rackerlabs/openCenter-cli/internal/util/errors/interfaces.go:88.2,88.18 1 1
github.com/rackerlabs/openCenter-cli/internal/util/errors/interfaces.go:92.42,94.2 1 1
github.com/rackerlabs/openCenter-cli/internal/util/errors/interfaces.go:102.43,103.25 1 1
github.com/rackerlabs/openCenter-cli/internal/util/errors/interfaces.go:103.25,105.3 1 1
github.com/rackerlabs/openCenter-cli/internal/util/errors/interfaces.go:106.2,106.25 1 1
github.com/rackerlabs/openCenter-cli/internal/util/errors/interfaces.go:106.25,108.3 1 1
github.com/rackerlabs/openCenter-cli/internal/util/errors/interfaces.go:109.2,109.35 1 1
github.com/rackerlabs/openCenter-cli/internal/util/errors/interfaces.go:120.46,122.2 1 1
github.com/rackerlabs/openCenter-cli/internal/util/errors/interfaces.go:125.48,127.2 1 1
github.com/rackerlabs/openCenter-cli/internal/util/errors/interfaces.go:130.45,131.21 1 1
github.com/rackerlabs/openCenter-cli/internal/util/errors/interfaces.go:131.21,133.3 1 1
github.com/rackerlabs/openCenter-cli/internal/util/errors/interfaces.go:135.2,135.25 1 1
github.com/rackerlabs/openCenter-cli/internal/util/errors/interfaces.go:135.25,137.3 1 1
github.com/rackerlabs/openCenter-cli/internal/util/errors/interfaces.go:139.2,140.32 2 1
github.com/rackerlabs/openCenter-cli/internal/util/errors/interfaces.go:140.32,142.3 1 1
github.com/rackerlabs/openCenter-cli/internal/util/errors/interfaces.go:144.2,144.41 1 1
