mode: set
github.com/opencenter-cloud/opencenter-cli/internal/secrets/errors.go:30.44,32.2 1 0
github.com/opencenter-cloud/opencenter-cli/internal/secrets/errors.go:40.41,42.2 1 0
github.com/opencenter-cloud/opencenter-cli/internal/secrets/errors.go:50.46,52.2 1 0
github.com/opencenter-cloud/opencenter-cli/internal/secrets/errors.go:54.46,56.2 1 0
github.com/opencenter-cloud/opencenter-cli/internal/secrets/errors.go:64.46,66.2 1 0
github.com/opencenter-cloud/opencenter-cli/internal/secrets/errors.go:68.46,70.2 1 0
github.com/opencenter-cloud/opencenter-cli/internal/secrets/errors.go:78.48,80.2 1 0
github.com/opencenter-cloud/opencenter-cli/internal/secrets/errors.go:88.49,90.2 1 0
github.com/opencenter-cloud/opencenter-cli/internal/secrets/errors.go:97.47,99.2 1 0
github.com/opencenter-cloud/opencenter-cli/internal/secrets/errors.go:101.47,103.2 1 0
github.com/opencenter-cloud/opencenter-cli/internal/secrets/errors.go:106.78,111.18 2 0
github.com/opencenter-cloud/opencenter-cli/internal/secrets/errors.go:111.18,113.3 1 0
github.com/opencenter-cloud/opencenter-cli/internal/secrets/errors.go:114.2,114.12 1 0
github.com/opencenter-cloud/opencenter-cli/internal/secrets/errors.go:118.41,121.2 2 0
github.com/opencenter-cloud/opencenter-cli/internal/secrets/errors.go:124.64,128.2 1 0
github.com/opencenter-cloud/opencenter-cli/internal/secrets/interfaces.go:35.35,37.2 1 1
github.com/opencenter-cloud/opencenter-cli/internal/secrets/interfaces.go:52.37,54.2 1 0
github.com/opencenter-cloud/opencenter-cli/internal/secrets/manager.go:55.26,56.19 1 1
github.com/opencenter-cloud/opencenter-cli/internal/secrets/manager.go:56.19,58.3 1 0
github.com/opencenter-cloud/opencenter-cli/internal/secrets/manager.go:60.2,64.3 1 1
github.com/opencenter-cloud/opencenter-cli/internal/secrets/manager.go:73.105,78.16 3 0
github.com/opencenter-cloud/opencenter-cli/internal/secrets/manager.go:78.16,80.3 1 0
github.com/opencenter-cloud/opencenter-cli/internal/secrets/manager.go:83.2,84.16 2 0
github.com/opencenter-cloud/opencenter-cli/internal/secrets/manager.go:84.16,86.3 1 0
github.com/opencenter-cloud/opencenter-cli/internal/secrets/manager.go:89.2,90.16 2 0
github.com/opencenter-cloud/opencenter-cli/internal/secrets/manager.go:90.16,92.3 1 0
github.com/opencenter-cloud/opencenter-cli/internal/secrets/manager.go:95.2,96.16 2 0
github.com/opencenter-cloud/opencenter-cli/internal/secrets/manager.go:96.16,98.3 1 0
github.com/opencenter-cloud/opencenter-cli/internal/secrets/manager.go:100.2,115.16 4 0
github.com/opencenter-cloud/opencenter-cli/internal/secrets/manager.go:115.16,117.3 1 0
github.com/opencenter-cloud/opencenter-cli/internal/secrets/manager.go:120.2,120.51 1 0
github.com/opencenter-cloud/opencenter-cli/internal/secrets/manager.go:120.51,128.17 5 0
github.com/opencenter-cloud/opencenter-cli/internal/secrets/manager.go:128.17,135.12 3 0
github.com/opencenter-cloud/opencenter-cli/internal/secrets/manager.go:139.3,139.14 1 0
github.com/opencenter-cloud/opencenter-cli/internal/secrets/manager.go:139.14,140.55 1 0
github.com/opencenter-cloud/opencenter-cli/internal/secrets/manager.go:140.55,142.5 1 0
github.com/opencenter-cloud/opencenter-cli/internal/secrets/manager.go:142.10,144.5 1 0
github.com/opencenter-cloud/opencenter-cli/internal/secrets/manager.go:145.9,147.4 1 0
github.com/opencenter-cloud/opencenter-cli/internal/secrets/manager.go:150.2,157.20 2 0
github.com/opencenter-cloud/opencenter-cli/internal/secrets/manager.go:167.119,172.16 3 0
github.com/opencenter-cloud/opencenter-cli/internal/secrets/manager.go:172.16,174.3 1 0
github.com/opencenter-cloud/opencenter-cli/internal/secrets/manager.go:177.2,178.16 2 0
github.com/opencenter-cloud/opencenter-cli/internal/secrets/manager.go:178.16,180.3 1 0
github.com/opencenter-cloud/opencenter-cli/internal/secrets/manager.go:183.2,184.16 2 0
github.com/opencenter-cloud/opencenter-cli/internal/secrets/manager.go:184.16,186.3 1 0
github.com/opencenter-cloud/opencenter-cli/internal/secrets/manager.go:189.2,190.16 2 0
github.com/opencenter-cloud/opencenter-cli/internal/secrets/manager.go:190.16,192.3 1 0
github.com/opencenter-cloud/opencenter-cli/internal/secrets/manager.go:195.2,209.16 4 0
github.com/opencenter-cloud/opencenter-cli/internal/secrets/manager.go:209.16,212.3 1 0
github.com/opencenter-cloud/opencenter-cli/internal/secrets/manager.go:215.2,215.45 1 0
github.com/opencenter-cloud/opencenter-cli/internal/secrets/manager.go:215.45,217.20 2 0
github.com/opencenter-cloud/opencenter-cli/internal/secrets/manager.go:217.20,218.12 1 0
github.com/opencenter-cloud/opencenter-cli/internal/secrets/manager.go:221.3,225.17 3 0
github.com/opencenter-cloud/opencenter-cli/internal/secrets/manager.go:225.17,227.12 2 0
github.com/opencenter-cloud/opencenter-cli/internal/secrets/manager.go:230.3,230.19 1 0
github.com/opencenter-cloud/opencenter-cli/internal/secrets/manager.go:230.19,237.12 3 0
github.com/opencenter-cloud/opencenter-cli/internal/secrets/manager.go:241.3,242.17 2 0
github.com/opencenter-cloud/opencenter-cli/internal/secrets/manager.go:242.17,248.4 2 0
github.com/opencenter-cloud/opencenter-cli/internal/secrets/manager.go:251.3,251.69 1 0
github.com/opencenter-cloud/opencenter-cli/internal/secrets/manager.go:251.69,254.27 2 0
github.com/opencenter-cloud/opencenter-cli/internal/secrets/manager.go:254.27,257.5 2 0
github.com/opencenter-cloud/opencenter-cli/internal/secrets/manager.go:260.4,260.37 1 0
github.com/opencenter-cloud/opencenter-cli/internal/secrets/manager.go:260.37,263.62 2 0
github.com/opencenter-cloud/opencenter-cli/internal/secrets/manager.go:263.62,267.6 3 0
github.com/opencenter-cloud/opencenter-cli/internal/secrets/manager.go:269.9,273.4 2 0
github.com/opencenter-cloud/opencenter-cli/internal/secrets/manager.go:277.2,277.37 1 0
github.com/opencenter-cloud/opencenter-cli/internal/secrets/manager.go:277.37,278.30 1 0
github.com/opencenter-cloud/opencenter-cli/internal/secrets/manager.go:278.30,282.4 3 0
github.com/opencenter-cloud/opencenter-cli/internal/secrets/manager.go:286.2,286.19 1 0
github.com/opencenter-cloud/opencenter-cli/internal/secrets/manager.go:286.19,288.3 1 0
github.com/opencenter-cloud/opencenter-cli/internal/secrets/manager.go:290.2,299.31 2 0
github.com/opencenter-cloud/opencenter-cli/internal/secrets/manager.go:299.31,307.17 4 0
github.com/opencenter-cloud/opencenter-cli/internal/secrets/manager.go:307.17,309.4 1 0
github.com/opencenter-cloud/opencenter-cli/internal/secrets/manager.go:310.3,310.51 1 0
github.com/opencenter-cloud/opencenter-cli/internal/secrets/manager.go:313.2,313.20 1 0
github.com/opencenter-cloud/opencenter-cli/internal/secrets/manager.go:319.104,324.16 3 0
github.com/opencenter-cloud/opencenter-cli/internal/secrets/manager.go:324.16,326.3 1 0
github.com/opencenter-cloud/opencenter-cli/internal/secrets/manager.go:329.2,330.16 2 0
github.com/opencenter-cloud/opencenter-cli/internal/secrets/manager.go:330.16,332.3 1 0
github.com/opencenter-cloud/opencenter-cli/internal/secrets/manager.go:335.2,336.16 2 0
github.com/opencenter-cloud/opencenter-cli/internal/secrets/manager.go:336.16,338.3 1 0
github.com/opencenter-cloud/opencenter-cli/internal/secrets/manager.go:341.2,342.16 2 0
github.com/opencenter-cloud/opencenter-cli/internal/secrets/manager.go:342.16,344.3 1 0
github.com/opencenter-cloud/opencenter-cli/internal/secrets/manager.go:347.2,362.16 4 0
github.com/opencenter-cloud/opencenter-cli/internal/secrets/manager.go:362.16,365.3 1 0
github.com/opencenter-cloud/opencenter-cli/internal/secrets/manager.go:368.2,368.45 1 0
github.com/opencenter-cloud/opencenter-cli/internal/secrets/manager.go:368.45,370.20 2 0
github.com/opencenter-cloud/opencenter-cli/internal/secrets/manager.go:370.20,371.12 1 0
github.com/opencenter-cloud/opencenter-cli/internal/secrets/manager.go:374.3,385.17 4 0
github.com/opencenter-cloud/opencenter-cli/internal/secrets/manager.go:385.17,389.12 4 0
github.com/opencenter-cloud/opencenter-cli/internal/secrets/manager.go:392.3,392.19 1 0
github.com/opencenter-cloud/opencenter-cli/internal/secrets/manager.go:392.19,396.12 4 0
github.com/opencenter-cloud/opencenter-cli/internal/secrets/manager.go:400.3,401.17 2 0
github.com/opencenter-cloud/opencenter-cli/internal/secrets/manager.go:401.17,405.12 4 0
github.com/opencenter-cloud/opencenter-cli/internal/secrets/manager.go:409.3,409.69 1 0
github.com/opencenter-cloud/opencenter-cli/internal/secrets/manager.go:409.69,412.28 2 0
github.com/opencenter-cloud/opencenter-cli/internal/secrets/manager.go:412.28,416.5 3 0
github.com/opencenter-cloud/opencenter-cli/internal/secrets/manager.go:419.4,419.37 1 0
github.com/opencenter-cloud/opencenter-cli/internal/secrets/manager.go:419.37,422.62 2 0
github.com/opencenter-cloud/opencenter-cli/internal/secrets/manager.go:422.62,431.6 3 0
github.com/opencenter-cloud/opencenter-cli/internal/secrets/manager.go:433.9,437.44 2 0
github.com/opencenter-cloud/opencenter-cli/internal/secrets/manager.go:437.44,443.5 1 0
github.com/opencenter-cloud/opencenter-cli/internal/secrets/manager.go:444.4,444.59 1 0
github.com/opencenter-cloud/opencenter-cli/internal/secrets/manager.go:447.3,447.58 1 0
github.com/opencenter-cloud/opencenter-cli/internal/secrets/manager.go:451.2,451.37 1 0
github.com/opencenter-cloud/opencenter-cli/internal/secrets/manager.go:451.37,452.30 1 0
github.com/opencenter-cloud/opencenter-cli/internal/secrets/manager.go:452.30,462.51 3 0
github.com/opencenter-cloud/opencenter-cli/internal/secrets/manager.go:462.51,469.5 2 0
github.com/opencenter-cloud/opencenter-cli/internal/secrets/manager.go:470.4,471.59 2 0
github.com/opencenter-cloud/opencenter-cli/internal/secrets/manager.go:475.2,481.20 2 0
github.com/opencenter-cloud/opencenter-cli/internal/secrets/manager.go:487.111,492.16 3 0
github.com/opencenter-cloud/opencenter-cli/internal/secrets/manager.go:492.16,494.3 1 0
github.com/opencenter-cloud/opencenter-cli/internal/secrets/manager.go:496.2,506.16 3 0
github.com/opencenter-cloud/opencenter-cli/internal/secrets/manager.go:506.16,508.3 1 0
github.com/opencenter-cloud/opencenter-cli/internal/secrets/manager.go:513.2,514.21 2 0
github.com/opencenter-cloud/opencenter-cli/internal/secrets/manager.go:524.120,527.16 2 1
github.com/opencenter-cloud/opencenter-cli/internal/secrets/manager.go:527.16,529.3 1 0
github.com/opencenter-cloud/opencenter-cli/internal/secrets/manager.go:532.2,532.55 1 1
github.com/opencenter-cloud/opencenter-cli/internal/secrets/manager.go:532.55,537.3 1 0
github.com/opencenter-cloud/opencenter-cli/internal/secrets/manager.go:540.2,541.16 2 1
github.com/opencenter-cloud/opencenter-cli/internal/secrets/manager.go:541.16,543.3 1 0
github.com/opencenter-cloud/opencenter-cli/internal/secrets/manager.go:545.2,545.29 1 1
github.com/opencenter-cloud/opencenter-cli/internal/secrets/manager.go:550.79,552.16 2 1
github.com/opencenter-cloud/opencenter-cli/internal/secrets/manager.go:552.16,554.3 1 0
github.com/opencenter-cloud/opencenter-cli/internal/secrets/manager.go:558.2,562.88 3 1
github.com/opencenter-cloud/opencenter-cli/internal/secrets/manager.go:562.88,563.17 1 1
github.com/opencenter-cloud/opencenter-cli/internal/secrets/manager.go:563.17,565.4 1 0
github.com/opencenter-cloud/opencenter-cli/internal/secrets/manager.go:567.3,567.82 1 1
github.com/opencenter-cloud/opencenter-cli/internal/secrets/manager.go:567.82,570.4 2 1
github.com/opencenter-cloud/opencenter-cli/internal/secrets/manager.go:572.3,572.13 1 1
github.com/opencenter-cloud/opencenter-cli/internal/secrets/manager.go:575.2,575.43 1 1
github.com/opencenter-cloud/opencenter-cli/internal/secrets/manager.go:575.43,577.3 1 0
github.com/opencenter-cloud/opencenter-cli/internal/secrets/manager.go:579.2,579.22 1 1
github.com/opencenter-cloud/opencenter-cli/internal/secrets/manager.go:579.22,582.3 1 0
github.com/opencenter-cloud/opencenter-cli/internal/secrets/manager.go:584.2,584.24 1 1
github.com/opencenter-cloud/opencenter-cli/internal/secrets/manager.go:589.121,593.100 2 0
github.com/opencenter-cloud/opencenter-cli/internal/secrets/manager.go:593.100,598.3 1 0
github.com/opencenter-cloud/opencenter-cli/internal/secrets/manager.go:601.2,602.42 2 0
github.com/opencenter-cloud/opencenter-cli/internal/secrets/manager.go:602.42,604.3 1 0
github.com/opencenter-cloud/opencenter-cli/internal/secrets/manager.go:605.2,605.61 1 0
github.com/opencenter-cloud/opencenter-cli/internal/secrets/manager.go:605.61,607.3 1 0
github.com/opencenter-cloud/opencenter-cli/internal/secrets/manager.go:608.2,608.42 1 0
github.com/opencenter-cloud/opencenter-cli/internal/secrets/manager.go:608.42,610.3 1 0
github.com/opencenter-cloud/opencenter-cli/internal/secrets/manager.go:611.2,611.46 1 0
github.com/opencenter-cloud/opencenter-cli/internal/secrets/manager.go:611.46,613.3 1 0
github.com/opencenter-cloud/opencenter-cli/internal/secrets/manager.go:614.2,614.26 1 0
github.com/opencenter-cloud/opencenter-cli/internal/secrets/manager.go:614.26,616.3 1 0
github.com/opencenter-cloud/opencenter-cli/internal/secrets/manager.go:619.2,619.89 1 0
github.com/opencenter-cloud/opencenter-cli/internal/secrets/manager.go:619.89,624.3 1 0
github.com/opencenter-cloud/opencenter-cli/internal/secrets/manager.go:627.2,627.49 1 0
github.com/opencenter-cloud/opencenter-cli/internal/secrets/manager.go:627.49,631.3 1 0
github.com/opencenter-cloud/opencenter-cli/internal/secrets/manager.go:634.2,634.90 1 0
github.com/opencenter-cloud/opencenter-cli/internal/secrets/manager.go:634.90,639.3 1 0
github.com/opencenter-cloud/opencenter-cli/internal/secrets/manager.go:642.2,642.45 1 0
github.com/opencenter-cloud/opencenter-cli/internal/secrets/manager.go:642.45,646.3 1 0
github.com/opencenter-cloud/opencenter-cli/internal/secrets/manager.go:649.2,649.76 1 0
github.com/opencenter-cloud/opencenter-cli/internal/secrets/manager.go:649.76,654.3 1 0
github.com/opencenter-cloud/opencenter-cli/internal/secrets/manager.go:657.2,657.149 1 0
github.com/opencenter-cloud/opencenter-cli/internal/secrets/manager.go:657.149,663.3 1 0
github.com/opencenter-cloud/opencenter-cli/internal/secrets/manager.go:666.2,666.128 1 0
github.com/opencenter-cloud/opencenter-cli/internal/secrets/manager.go:666.128,676.3 1 0
github.com/opencenter-cloud/opencenter-cli/internal/secrets/manager.go:678.2,678.24 1 0
github.com/opencenter-cloud/opencenter-cli/internal/secrets/manager.go:687.30,692.40 3 0
github.com/opencenter-cloud/opencenter-cli/internal/secrets/manager.go:692.40,694.3 1 0
github.com/opencenter-cloud/opencenter-cli/internal/secrets/manager.go:697.2,697.34 1 0
github.com/opencenter-cloud/opencenter-cli/internal/secrets/manager.go:697.34,699.52 1 0
github.com/opencenter-cloud/opencenter-cli/internal/secrets/manager.go:699.52,700.12 1 0
github.com/opencenter-cloud/opencenter-cli/internal/secrets/manager.go:704.3,705.40 2 0
github.com/opencenter-cloud/opencenter-cli/internal/secrets/manager.go:708.2,708.27 1 0
github.com/opencenter-cloud/opencenter-cli/internal/secrets/manager.go:713.92,716.2 1 0
github.com/opencenter-cloud/opencenter-cli/internal/secrets/manager.go:720.103,725.40 1 1
github.com/opencenter-cloud/opencenter-cli/internal/secrets/manager.go:725.40,727.3 1 0
github.com/opencenter-cloud/opencenter-cli/internal/secrets/manager.go:729.2,736.25 2 1
github.com/opencenter-cloud/opencenter-cli/internal/secrets/manager.go:741.79,742.38 1 0
github.com/opencenter-cloud/opencenter-cli/internal/secrets/manager.go:742.38,747.3 1 0
github.com/opencenter-cloud/opencenter-cli/internal/secrets/manager.go:750.2,751.38 2 0
github.com/opencenter-cloud/opencenter-cli/internal/secrets/manager.go:751.38,753.17 2 0
github.com/opencenter-cloud/opencenter-cli/internal/secrets/manager.go:753.17,755.4 1 0
github.com/opencenter-cloud/opencenter-cli/internal/secrets/manager.go:756.3,756.48 1 0
github.com/opencenter-cloud/opencenter-cli/internal/secrets/manager.go:760.2,761.16 2 0
github.com/opencenter-cloud/opencenter-cli/internal/secrets/manager.go:761.16,767.3 1 0
github.com/opencenter-cloud/opencenter-cli/internal/secrets/manager.go:771.2,772.29 2 0
github.com/opencenter-cloud/opencenter-cli/internal/secrets/manager.go:772.29,773.47 1 0
github.com/opencenter-cloud/opencenter-cli/internal/secrets/manager.go:773.47,775.23 2 0
github.com/opencenter-cloud/opencenter-cli/internal/secrets/manager.go:775.23,777.5 1 0
github.com/opencenter-cloud/opencenter-cli/internal/secrets/manager.go:781.2,785.3 1 0
github.com/opencenter-cloud/opencenter-cli/internal/secrets/manager.go:790.83,791.38 1 0
github.com/opencenter-cloud/opencenter-cli/internal/secrets/manager.go:791.38,796.3 1 0
github.com/opencenter-cloud/opencenter-cli/internal/secrets/manager.go:799.2,800.38 2 0
github.com/opencenter-cloud/opencenter-cli/internal/secrets/manager.go:800.38,802.17 2 0
github.com/opencenter-cloud/opencenter-cli/internal/secrets/manager.go:802.17,804.4 1 0
github.com/opencenter-cloud/opencenter-cli/internal/secrets/manager.go:805.3,805.48 1 0
github.com/opencenter-cloud/opencenter-cli/internal/secrets/manager.go:809.2,809.52 1 0
github.com/opencenter-cloud/opencenter-cli/internal/secrets/manager.go:809.52,815.3 1 0
github.com/opencenter-cloud/opencenter-cli/internal/secrets/manager.go:817.2,817.21 1 0
github.com/opencenter-cloud/opencenter-cli/internal/secrets/manager.go:822.89,826.56 2 1
github.com/opencenter-cloud/opencenter-cli/internal/secrets/manager.go:826.56,828.3 1 0
github.com/opencenter-cloud/opencenter-cli/internal/secrets/manager.go:831.2,832.57 2 1
github.com/opencenter-cloud/opencenter-cli/internal/secrets/manager.go:832.57,834.3 1 1
github.com/opencenter-cloud/opencenter-cli/internal/secrets/manager.go:836.2,836.90 1 0
github.com/opencenter-cloud/opencenter-cli/internal/secrets/manager.go:836.90,837.17 1 0
github.com/opencenter-cloud/opencenter-cli/internal/secrets/manager.go:837.17,839.4 1 0
github.com/opencenter-cloud/opencenter-cli/internal/secrets/manager.go:841.3,841.52 1 0
github.com/opencenter-cloud/opencenter-cli/internal/secrets/manager.go:841.52,843.4 1 0
github.com/opencenter-cloud/opencenter-cli/internal/secrets/manager.go:845.3,845.13 1 0
github.com/opencenter-cloud/opencenter-cli/internal/secrets/manager.go:848.2,848.16 1 0
github.com/opencenter-cloud/opencenter-cli/internal/secrets/manager.go:848.16,850.3 1 0
github.com/opencenter-cloud/opencenter-cli/internal/secrets/manager.go:852.2,852.27 1 0
github.com/opencenter-cloud/opencenter-cli/internal/secrets/manager.go:857.84,862.2 2 0
github.com/opencenter-cloud/opencenter-cli/internal/secrets/manager.go:866.88,868.16 2 0
github.com/opencenter-cloud/opencenter-cli/internal/secrets/manager.go:868.16,870.3 1 0
github.com/opencenter-cloud/opencenter-cli/internal/secrets/manager.go:874.2,875.85 2 0
github.com/opencenter-cloud/opencenter-cli/internal/secrets/manager.go:880.142,883.16 2 0
github.com/opencenter-cloud/opencenter-cli/internal/secrets/manager.go:883.16,885.3 1 0
github.com/opencenter-cloud/opencenter-cli/internal/secrets/manager.go:886.2,893.15 6 0
github.com/opencenter-cloud/opencenter-cli/internal/secrets/manager.go:893.15,894.19 1 0
github.com/opencenter-cloud/opencenter-cli/internal/secrets/manager.go:894.19,896.4 1 0
github.com/opencenter-cloud/opencenter-cli/internal/secrets/manager.go:896.9,898.4 1 0
github.com/opencenter-cloud/opencenter-cli/internal/secrets/manager.go:902.2,903.74 2 0
github.com/opencenter-cloud/opencenter-cli/internal/secrets/manager.go:903.74,905.3 1 0
github.com/opencenter-cloud/opencenter-cli/internal/secrets/manager.go:908.2,909.16 2 0
github.com/opencenter-cloud/opencenter-cli/internal/secrets/manager.go:909.16,911.3 1 0
github.com/opencenter-cloud/opencenter-cli/internal/secrets/manager.go:914.2,915.65 2 0
github.com/opencenter-cloud/opencenter-cli/internal/secrets/manager.go:915.65,917.3 1 0
github.com/opencenter-cloud/opencenter-cli/internal/secrets/manager.go:920.2,921.9 2 0
github.com/opencenter-cloud/opencenter-cli/internal/secrets/manager.go:921.9,923.3 1 0
github.com/opencenter-cloud/opencenter-cli/internal/secrets/manager.go:925.2,925.18 1 0
github.com/opencenter-cloud/opencenter-cli/internal/secrets/manager.go:930.154,934.52 2 0
github.com/opencenter-cloud/opencenter-cli/internal/secrets/manager.go:934.52,939.14 3 0
github.com/opencenter-cloud/opencenter-cli/internal/secrets/manager.go:939.14,947.12 2 0
github.com/opencenter-cloud/opencenter-cli/internal/secrets/manager.go:951.3,954.33 3 0
github.com/opencenter-cloud/opencenter-cli/internal/secrets/manager.go:954.33,961.4 1 0
github.com/opencenter-cloud/opencenter-cli/internal/secrets/manager.go:964.2,964.19 1 0
github.com/opencenter-cloud/opencenter-cli/internal/secrets/manager.go:970.142,974.52 2 0
github.com/opencenter-cloud/opencenter-cli/internal/secrets/manager.go:974.52,979.14 3 0
github.com/opencenter-cloud/opencenter-cli/internal/secrets/manager.go:979.14,986.12 2 0
github.com/opencenter-cloud/opencenter-cli/internal/secrets/manager.go:990.3,993.33 3 0
github.com/opencenter-cloud/opencenter-cli/internal/secrets/manager.go:993.33,999.4 1 0
github.com/opencenter-cloud/opencenter-cli/internal/secrets/manager.go:1002.2,1002.20 1 0
github.com/opencenter-cloud/opencenter-cli/internal/secrets/manager.go:1007.69,1010.27 2 0
github.com/opencenter-cloud/opencenter-cli/internal/secrets/manager.go:1011.14,1012.15 1 0
github.com/opencenter-cloud/opencenter-cli/internal/secrets/manager.go:1013.14,1014.23 1 0
github.com/opencenter-cloud/opencenter-cli/internal/secrets/manager.go:1015.10,1016.34 1 0
github.com/opencenter-cloud/opencenter-cli/internal/secrets/manager.go:1020.2,1022.20 2 0
github.com/opencenter-cloud/opencenter-cli/internal/secrets/manager.go:1022.20,1024.3 1 0
github.com/opencenter-cloud/opencenter-cli/internal/secrets/manager.go:1025.2,1025.13 1 0
github.com/opencenter-cloud/opencenter-cli/internal/secrets/manager.go:1038.17,1041.49 2 0
github.com/opencenter-cloud/opencenter-cli/internal/secrets/manager.go:1041.49,1043.3 1 0
github.com/opencenter-cloud/opencenter-cli/internal/secrets/manager.go:1046.2,1046.21 1 0
github.com/opencenter-cloud/opencenter-cli/internal/secrets/manager.go:1046.21,1047.13 1 0
github.com/opencenter-cloud/opencenter-cli/internal/secrets/manager.go:1047.13,1050.4 2 0
github.com/opencenter-cloud/opencenter-cli/internal/secrets/manager.go:1051.3,1051.84 1 0
github.com/opencenter-cloud/opencenter-cli/internal/secrets/manager.go:1055.2,1055.12 1 0
github.com/opencenter-cloud/opencenter-cli/internal/secrets/manager.go:1055.12,1058.17 2 0
github.com/opencenter-cloud/opencenter-cli/internal/secrets/manager.go:1058.17,1062.14 2 0
github.com/opencenter-cloud/opencenter-cli/internal/secrets/manager.go:1062.14,1065.5 2 0
github.com/opencenter-cloud/opencenter-cli/internal/secrets/manager.go:1067.4,1067.21 1 0
github.com/opencenter-cloud/opencenter-cli/internal/secrets/manager.go:1071.3,1072.17 2 0
github.com/opencenter-cloud/opencenter-cli/internal/secrets/manager.go:1072.17,1075.14 2 0
github.com/opencenter-cloud/opencenter-cli/internal/secrets/manager.go:1075.14,1078.5 2 0
github.com/opencenter-cloud/opencenter-cli/internal/secrets/manager.go:1079.9,1082.16 2 0
github.com/opencenter-cloud/opencenter-cli/internal/secrets/manager.go:1082.16,1085.5 2 0
github.com/opencenter-cloud/opencenter-cli/internal/secrets/manager.go:1090.2,1090.12 1 0
github.com/opencenter-cloud/opencenter-cli/internal/secrets/manager.go:1090.12,1093.3 2 0
github.com/opencenter-cloud/opencenter-cli/internal/secrets/manager.go:1096.2,1097.16 2 0
github.com/opencenter-cloud/opencenter-cli/internal/secrets/manager.go:1097.16,1100.3 2 0
github.com/opencenter-cloud/opencenter-cli/internal/secrets/manager.go:1102.2,1102.96 1 0
github.com/opencenter-cloud/opencenter-cli/internal/secrets/manager.go:1114.17,1120.47 3 0
github.com/opencenter-cloud/opencenter-cli/internal/secrets/manager.go:1120.47,1122.3 1 0
github.com/opencenter-cloud/opencenter-cli/internal/secrets/manager.go:1125.2,1126.16 2 0
github.com/opencenter-cloud/opencenter-cli/internal/secrets/manager.go:1126.16,1128.3 1 0
github.com/opencenter-cloud/opencenter-cli/internal/secrets/manager.go:1129.2,1134.16 4 0
github.com/opencenter-cloud/opencenter-cli/internal/secrets/manager.go:1134.16,1136.3 1 0
github.com/opencenter-cloud/opencenter-cli/internal/secrets/manager.go:1138.2,1138.51 1 0
github.com/opencenter-cloud/opencenter-cli/internal/secrets/manager.go:1138.51,1141.3 2 0
github.com/opencenter-cloud/opencenter-cli/internal/secrets/manager.go:1142.2,1146.22 3 0
github.com/opencenter-cloud/opencenter-cli/internal/secrets/manager.go:1146.22,1148.3 1 0
github.com/opencenter-cloud/opencenter-cli/internal/secrets/manager.go:1150.2,1155.75 2 0
github.com/opencenter-cloud/opencenter-cli/internal/secrets/manager.go:1155.75,1157.3 1 0
github.com/opencenter-cloud/opencenter-cli/internal/secrets/manager.go:1160.2,1161.16 2 0
github.com/opencenter-cloud/opencenter-cli/internal/secrets/manager.go:1161.16,1163.3 1 0
github.com/opencenter-cloud/opencenter-cli/internal/secrets/manager.go:1166.2,1166.72 1 0
github.com/opencenter-cloud/opencenter-cli/internal/secrets/manager.go:1166.72,1168.3 1 0
github.com/opencenter-cloud/opencenter-cli/internal/secrets/manager.go:1170.2,1171.18 2 0
github.com/opencenter-cloud/opencenter-cli/internal/secrets/manager.go:1175.99,1177.16 2 0
github.com/opencenter-cloud/opencenter-cli/internal/secrets/manager.go:1177.16,1179.3 1 0
github.com/opencenter-cloud/opencenter-cli/internal/secrets/manager.go:1181.2,1182.56 2 0
github.com/opencenter-cloud/opencenter-cli/internal/secrets/manager.go:1182.56,1184.3 1 0
github.com/opencenter-cloud/opencenter-cli/internal/secrets/manager.go:1186.2,1186.22 1 0
github.com/opencenter-cloud/opencenter-cli/internal/secrets/manager.go:1195.26,1199.29 2 0
github.com/opencenter-cloud/opencenter-cli/internal/secrets/manager.go:1199.29,1200.59 1 0
github.com/opencenter-cloud/opencenter-cli/internal/secrets/manager.go:1200.59,1202.4 1 0
github.com/opencenter-cloud/opencenter-cli/internal/secrets/manager.go:1203.3,1203.47 1 0
github.com/opencenter-cloud/opencenter-cli/internal/secrets/manager.go:1203.47,1205.4 1 0
github.com/opencenter-cloud/opencenter-cli/internal/secrets/manager.go:1207.2,1207.35 1 0
github.com/opencenter-cloud/opencenter-cli/internal/secrets/manager.go:1207.35,1209.3 1 0
github.com/opencenter-cloud/opencenter-cli/internal/secrets/manager.go:1210.2,1210.29 1 0
github.com/opencenter-cloud/opencenter-cli/internal/secrets/manager.go:1210.29,1212.3 1 0
github.com/opencenter-cloud/opencenter-cli/internal/secrets/manager.go:1215.2,1216.29 2 0
github.com/opencenter-cloud/opencenter-cli/internal/secrets/manager.go:1216.29,1217.84 1 0
github.com/opencenter-cloud/opencenter-cli/internal/secrets/manager.go:1217.84,1219.35 1 0
github.com/opencenter-cloud/opencenter-cli/internal/secrets/manager.go:1219.35,1221.5 1 0
github.com/opencenter-cloud/opencenter-cli/internal/secrets/manager.go:1225.2,1225.29 1 0
github.com/opencenter-cloud/opencenter-cli/internal/secrets/manager.go:1225.29,1227.3 1 0
github.com/opencenter-cloud/opencenter-cli/internal/secrets/manager.go:1228.2,1232.34 3 0
github.com/opencenter-cloud/opencenter-cli/internal/secrets/manager.go:1232.34,1236.3 2 0
github.com/opencenter-cloud/opencenter-cli/internal/secrets/manager.go:1237.2,1239.17 2 0
github.com/opencenter-cloud/opencenter-cli/internal/secrets/manager.go:1243.75,1246.2 1 0
github.com/opencenter-cloud/opencenter-cli/internal/secrets/manager.go:1253.8,1255.45 1 0
github.com/opencenter-cloud/opencenter-cli/internal/secrets/manager.go:1255.45,1257.3 1 0
github.com/opencenter-cloud/opencenter-cli/internal/secrets/manager.go:1260.2,1260.40 1 0
github.com/opencenter-cloud/opencenter-cli/internal/secrets/manager.go:1260.40,1265.14 3 0
github.com/opencenter-cloud/opencenter-cli/internal/secrets/manager.go:1265.14,1268.4 1 0
github.com/opencenter-cloud/opencenter-cli/internal/secrets/manager.go:1271.3,1274.28 3 0
github.com/opencenter-cloud/opencenter-cli/internal/secrets/manager.go:1274.28,1277.4 1 0
github.com/opencenter-cloud/opencenter-cli/internal/secrets/manager.go:1280.2,1280.14 1 0
github.com/opencenter-cloud/opencenter-cli/internal/secrets/manager.go:1285.94,1288.16 2 0
github.com/opencenter-cloud/opencenter-cli/internal/secrets/manager.go:1288.16,1290.3 1 0
github.com/opencenter-cloud/opencenter-cli/internal/secrets/manager.go:1293.2,1300.48 3 0
github.com/opencenter-cloud/opencenter-cli/internal/secrets/manager.go:1300.48,1302.83 1 0
github.com/opencenter-cloud/opencenter-cli/internal/secrets/manager.go:1302.83,1303.18 1 0
github.com/opencenter-cloud/opencenter-cli/internal/secrets/manager.go:1303.18,1305.5 1 0
github.com/opencenter-cloud/opencenter-cli/internal/secrets/manager.go:1306.4,1306.61 1 0
github.com/opencenter-cloud/opencenter-cli/internal/secrets/manager.go:1306.61,1308.5 1 0
github.com/opencenter-cloud/opencenter-cli/internal/secrets/manager.go:1309.4,1309.14 1 0
github.com/opencenter-cloud/opencenter-cli/internal/secrets/manager.go:1314.2,1314.40 1 0
github.com/opencenter-cloud/opencenter-cli/internal/secrets/manager.go:1314.40,1315.45 1 0
github.com/opencenter-cloud/opencenter-cli/internal/secrets/manager.go:1315.45,1318.18 2 0
github.com/opencenter-cloud/opencenter-cli/internal/secrets/manager.go:1318.18,1319.13 1 0
github.com/opencenter-cloud/opencenter-cli/internal/secrets/manager.go:1323.4,1323.49 1 0
github.com/opencenter-cloud/opencenter-cli/internal/secrets/manager.go:1323.49,1325.5 1 0
github.com/opencenter-cloud/opencenter-cli/internal/secrets/manager.go:1329.2,1329.79 1 0
github.com/opencenter-cloud/opencenter-cli/internal/secrets/registry.go:74.115,75.19 1 0
github.com/opencenter-cloud/opencenter-cli/internal/secrets/registry.go:75.19,77.3 1 0
github.com/opencenter-cloud/opencenter-cli/internal/secrets/registry.go:79.2,83.3 1 0
github.com/opencenter-cloud/opencenter-cli/internal/secrets/registry.go:89.85,97.16 5 0
github.com/opencenter-cloud/opencenter-cli/internal/secrets/registry.go:97.16,99.3 1 0
github.com/opencenter-cloud/opencenter-cli/internal/secrets/registry.go:102.2,102.37 1 0
github.com/opencenter-cloud/opencenter-cli/internal/secrets/registry.go:102.37,105.39 1 0
github.com/opencenter-cloud/opencenter-cli/internal/secrets/registry.go:105.39,107.4 1 0
github.com/opencenter-cloud/opencenter-cli/internal/secrets/registry.go:111.2,111.30 1 0
github.com/opencenter-cloud/opencenter-cli/internal/secrets/registry.go:111.30,113.3 1 0
github.com/opencenter-cloud/opencenter-cli/internal/secrets/registry.go:116.2,116.30 1 0
github.com/opencenter-cloud/opencenter-cli/internal/secrets/registry.go:116.30,118.3 1 0
github.com/opencenter-cloud/opencenter-cli/internal/secrets/registry.go:121.2,121.24 1 0
github.com/opencenter-cloud/opencenter-cli/internal/secrets/registry.go:121.24,123.3 1 0
github.com/opencenter-cloud/opencenter-cli/internal/secrets/registry.go:126.2,129.50 2 0
github.com/opencenter-cloud/opencenter-cli/internal/secrets/registry.go:129.50,131.3 1 0
github.com/opencenter-cloud/opencenter-cli/internal/secrets/registry.go:133.2,139.12 2 0
github.com/opencenter-cloud/opencenter-cli/internal/secrets/registry.go:145.110,152.16 5 0
github.com/opencenter-cloud/opencenter-cli/internal/secrets/registry.go:152.16,154.3 1 0
github.com/opencenter-cloud/opencenter-cli/internal/secrets/registry.go:157.2,157.34 1 0
github.com/opencenter-cloud/opencenter-cli/internal/secrets/registry.go:157.34,160.36 1 0
github.com/opencenter-cloud/opencenter-cli/internal/secrets/registry.go:160.36,163.4 2 0
github.com/opencenter-cloud/opencenter-cli/internal/secrets/registry.go:166.2,166.56 1 0
github.com/opencenter-cloud/opencenter-cli/internal/secrets/registry.go:171.124,178.16 5 0
github.com/opencenter-cloud/opencenter-cli/internal/secrets/registry.go:178.16,180.3 1 0
github.com/opencenter-cloud/opencenter-cli/internal/secrets/registry.go:183.2,184.27 2 0
github.com/opencenter-cloud/opencenter-cli/internal/secrets/registry.go:184.27,187.43 1 0
github.com/opencenter-cloud/opencenter-cli/internal/secrets/registry.go:187.43,191.69 2 0
github.com/opencenter-cloud/opencenter-cli/internal/secrets/registry.go:191.69,193.5 1 0
github.com/opencenter-cloud/opencenter-cli/internal/secrets/registry.go:195.4,196.9 2 0
github.com/opencenter-cloud/opencenter-cli/internal/secrets/registry.go:200.2,200.12 1 0
github.com/opencenter-cloud/opencenter-cli/internal/secrets/registry.go:200.12,202.3 1 0
github.com/opencenter-cloud/opencenter-cli/internal/secrets/registry.go:205.2,205.50 1 0
github.com/opencenter-cloud/opencenter-cli/internal/secrets/registry.go:205.50,207.3 1 0
github.com/opencenter-cloud/opencenter-cli/internal/secrets/registry.go:209.2,210.12 2 0
github.com/opencenter-cloud/opencenter-cli/internal/secrets/registry.go:215.96,222.16 5 0
github.com/opencenter-cloud/opencenter-cli/internal/secrets/registry.go:222.16,224.3 1 0
github.com/opencenter-cloud/opencenter-cli/internal/secrets/registry.go:227.2,227.19 1 0
github.com/opencenter-cloud/opencenter-cli/internal/secrets/registry.go:227.19,229.3 1 0
github.com/opencenter-cloud/opencenter-cli/internal/secrets/registry.go:231.2,232.34 2 0
github.com/opencenter-cloud/opencenter-cli/internal/secrets/registry.go:232.34,233.31 1 0
github.com/opencenter-cloud/opencenter-cli/internal/secrets/registry.go:233.31,235.4 1 0
github.com/opencenter-cloud/opencenter-cli/internal/secrets/registry.go:238.2,239.22 2 0
github.com/opencenter-cloud/opencenter-cli/internal/secrets/registry.go:245.108,252.16 5 0
github.com/opencenter-cloud/opencenter-cli/internal/secrets/registry.go:252.16,254.3 1 0
github.com/opencenter-cloud/opencenter-cli/internal/secrets/registry.go:256.2,265.34 4 0
github.com/opencenter-cloud/opencenter-cli/internal/secrets/registry.go:265.34,267.38 1 0
github.com/opencenter-cloud/opencenter-cli/internal/secrets/registry.go:267.38,268.12 1 0
github.com/opencenter-cloud/opencenter-cli/internal/secrets/registry.go:271.3,281.34 3 0
github.com/opencenter-cloud/opencenter-cli/internal/secrets/registry.go:281.34,284.4 1 0
github.com/opencenter-cloud/opencenter-cli/internal/secrets/registry.go:284.9,284.51 1 0
github.com/opencenter-cloud/opencenter-cli/internal/secrets/registry.go:284.51,287.4 1 0
github.com/opencenter-cloud/opencenter-cli/internal/secrets/registry.go:287.9,290.4 1 0
github.com/opencenter-cloud/opencenter-cli/internal/secrets/registry.go:293.2,298.20 2 0
github.com/opencenter-cloud/opencenter-cli/internal/secrets/registry.go:304.90,322.47 6 0
github.com/opencenter-cloud/opencenter-cli/internal/secrets/registry.go:322.47,323.57 1 0
github.com/opencenter-cloud/opencenter-cli/internal/secrets/registry.go:323.57,325.4 1 0
github.com/opencenter-cloud/opencenter-cli/internal/secrets/registry.go:329.2,330.47 2 0
github.com/opencenter-cloud/opencenter-cli/internal/secrets/registry.go:330.47,331.57 1 0
github.com/opencenter-cloud/opencenter-cli/internal/secrets/registry.go:331.57,333.4 1 0
github.com/opencenter-cloud/opencenter-cli/internal/secrets/registry.go:337.2,337.50 1 0
github.com/opencenter-cloud/opencenter-cli/internal/secrets/registry.go:337.50,339.3 1 0
github.com/opencenter-cloud/opencenter-cli/internal/secrets/registry.go:341.2,342.12 2 0
github.com/opencenter-cloud/opencenter-cli/internal/secrets/registry.go:348.87,350.59 1 0
github.com/opencenter-cloud/opencenter-cli/internal/secrets/registry.go:350.59,361.3 2 0
github.com/opencenter-cloud/opencenter-cli/internal/secrets/registry.go:364.2,365.16 2 0
github.com/opencenter-cloud/opencenter-cli/internal/secrets/registry.go:365.16,367.3 1 0
github.com/opencenter-cloud/opencenter-cli/internal/secrets/registry.go:370.2,371.55 2 0
github.com/opencenter-cloud/opencenter-cli/internal/secrets/registry.go:371.55,373.3 1 0
github.com/opencenter-cloud/opencenter-cli/internal/secrets/registry.go:376.2,376.27 1 0
github.com/opencenter-cloud/opencenter-cli/internal/secrets/registry.go:376.27,378.3 1 0
github.com/opencenter-cloud/opencenter-cli/internal/secrets/registry.go:380.2,380.19 1 0
github.com/opencenter-cloud/opencenter-cli/internal/secrets/registry.go:384.90,387.48 2 0
github.com/opencenter-cloud/opencenter-cli/internal/secrets/registry.go:387.48,389.3 1 0
github.com/opencenter-cloud/opencenter-cli/internal/secrets/registry.go:392.2,393.16 2 0
github.com/opencenter-cloud/opencenter-cli/internal/secrets/registry.go:393.16,395.3 1 0
github.com/opencenter-cloud/opencenter-cli/internal/secrets/registry.go:398.2,399.63 2 0
github.com/opencenter-cloud/opencenter-cli/internal/secrets/registry.go:399.63,401.3 1 0
github.com/opencenter-cloud/opencenter-cli/internal/secrets/registry.go:404.2,404.63 1 0
github.com/opencenter-cloud/opencenter-cli/internal/secrets/registry.go:404.63,407.3 2 0
github.com/opencenter-cloud/opencenter-cli/internal/secrets/registry.go:410.2,410.60 1 0
github.com/opencenter-cloud/opencenter-cli/internal/secrets/registry.go:410.60,413.3 2 0
github.com/opencenter-cloud/opencenter-cli/internal/secrets/registry.go:415.2,415.12 1 0
github.com/opencenter-cloud/opencenter-cli/internal/secrets/registry.go:419.130,420.17 1 0
github.com/opencenter-cloud/opencenter-cli/internal/secrets/registry.go:421.18,422.49 1 0
github.com/opencenter-cloud/opencenter-cli/internal/secrets/registry.go:423.18,424.49 1 0
github.com/opencenter-cloud/opencenter-cli/internal/secrets/registry.go:425.10,427.49 1 0
github.com/opencenter-cloud/opencenter-cli/internal/secrets/registry.go:432.80,434.16 2 0
github.com/opencenter-cloud/opencenter-cli/internal/secrets/registry.go:434.16,436.3 1 0
github.com/opencenter-cloud/opencenter-cli/internal/secrets/registry.go:438.2,438.32 1 0
github.com/opencenter-cloud/opencenter-cli/internal/secrets/registry.go:438.32,439.20 1 0
github.com/opencenter-cloud/opencenter-cli/internal/secrets/registry.go:439.20,440.12 1 0
github.com/opencenter-cloud/opencenter-cli/internal/secrets/registry.go:444.3,444.43 1 0
github.com/opencenter-cloud/opencenter-cli/internal/secrets/registry.go:444.43,445.12 1 0
github.com/opencenter-cloud/opencenter-cli/internal/secrets/registry.go:449.3,454.17 4 0
github.com/opencenter-cloud/opencenter-cli/internal/secrets/registry.go:454.17,456.12 2 0
github.com/opencenter-cloud/opencenter-cli/internal/secrets/registry.go:459.3,463.17 3 0
github.com/opencenter-cloud/opencenter-cli/internal/secrets/registry.go:463.17,465.12 2 0
github.com/opencenter-cloud/opencenter-cli/internal/secrets/registry.go:468.3,483.89 5 0
github.com/opencenter-cloud/opencenter-cli/internal/secrets/registry.go:486.2,486.12 1 0
github.com/opencenter-cloud/opencenter-cli/internal/secrets/registry.go:490.80,492.16 2 0
github.com/opencenter-cloud/opencenter-cli/internal/secrets/registry.go:492.16,494.3 1 0
github.com/opencenter-cloud/opencenter-cli/internal/secrets/registry.go:496.2,496.32 1 0
github.com/opencenter-cloud/opencenter-cli/internal/secrets/registry.go:496.32,497.20 1 0
github.com/opencenter-cloud/opencenter-cli/internal/secrets/registry.go:497.20,498.12 1 0
github.com/opencenter-cloud/opencenter-cli/internal/secrets/registry.go:502.3,502.43 1 0
github.com/opencenter-cloud/opencenter-cli/internal/secrets/registry.go:502.43,503.12 1 0
github.com/opencenter-cloud/opencenter-cli/internal/secrets/registry.go:507.3,512.17 4 0
github.com/opencenter-cloud/opencenter-cli/internal/secrets/registry.go:512.17,514.12 2 0
github.com/opencenter-cloud/opencenter-cli/internal/secrets/registry.go:517.3,521.17 3 0
github.com/opencenter-cloud/opencenter-cli/internal/secrets/registry.go:521.17,523.12 2 0
github.com/opencenter-cloud/opencenter-cli/internal/secrets/registry.go:526.3,541.89 5 0
github.com/opencenter-cloud/opencenter-cli/internal/secrets/registry.go:544.2,544.12 1 0
github.com/opencenter-cloud/opencenter-cli/internal/secrets/revocation.go:56.22,57.19 1 0
github.com/opencenter-cloud/opencenter-cli/internal/secrets/revocation.go:57.19,59.3 1 0
github.com/opencenter-cloud/opencenter-cli/internal/secrets/revocation.go:61.2,66.3 1 0
github.com/opencenter-cloud/opencenter-cli/internal/secrets/revocation.go:79.110,83.21 2 0
github.com/opencenter-cloud/opencenter-cli/internal/secrets/revocation.go:83.21,85.3 1 0
github.com/opencenter-cloud/opencenter-cli/internal/secrets/revocation.go:88.2,89.16 2 0
github.com/opencenter-cloud/opencenter-cli/internal/secrets/revocation.go:89.16,91.3 1 0
github.com/opencenter-cloud/opencenter-cli/internal/secrets/revocation.go:94.2,95.27 2 0
github.com/opencenter-cloud/opencenter-cli/internal/secrets/revocation.go:95.27,96.65 1 0
github.com/opencenter-cloud/opencenter-cli/internal/secrets/revocation.go:96.65,100.42 1 0
github.com/opencenter-cloud/opencenter-cli/internal/secrets/revocation.go:100.42,102.5 1 0
github.com/opencenter-cloud/opencenter-cli/internal/secrets/revocation.go:106.2,106.24 1 0
github.com/opencenter-cloud/opencenter-cli/internal/secrets/revocation.go:106.24,108.3 1 0
github.com/opencenter-cloud/opencenter-cli/internal/secrets/revocation.go:110.2,114.27 3 0
github.com/opencenter-cloud/opencenter-cli/internal/secrets/revocation.go:114.27,115.65 1 0
github.com/opencenter-cloud/opencenter-cli/internal/secrets/revocation.go:115.65,117.4 1 0
github.com/opencenter-cloud/opencenter-cli/internal/secrets/revocation.go:120.2,120.39 1 0
github.com/opencenter-cloud/opencenter-cli/internal/secrets/revocation.go:120.39,125.3 1 0
github.com/opencenter-cloud/opencenter-cli/internal/secrets/revocation.go:127.2,134.17 2 0
github.com/opencenter-cloud/opencenter-cli/internal/secrets/revocation.go:134.17,135.32 1 0
github.com/opencenter-cloud/opencenter-cli/internal/secrets/revocation.go:135.32,137.4 1 0
github.com/opencenter-cloud/opencenter-cli/internal/secrets/revocation.go:138.3,142.21 2 0
github.com/opencenter-cloud/opencenter-cli/internal/secrets/revocation.go:146.2,150.16 3 0
github.com/opencenter-cloud/opencenter-cli/internal/secrets/revocation.go:150.16,152.3 1 0
github.com/opencenter-cloud/opencenter-cli/internal/secrets/revocation.go:154.2,155.16 2 0
github.com/opencenter-cloud/opencenter-cli/internal/secrets/revocation.go:155.16,157.3 1 0
github.com/opencenter-cloud/opencenter-cli/internal/secrets/revocation.go:159.2,162.59 2 0
github.com/opencenter-cloud/opencenter-cli/internal/secrets/revocation.go:162.59,164.3 1 0
github.com/opencenter-cloud/opencenter-cli/internal/secrets/revocation.go:167.2,168.16 2 0
github.com/opencenter-cloud/opencenter-cli/internal/secrets/revocation.go:168.16,170.3 1 0
github.com/opencenter-cloud/opencenter-cli/internal/secrets/revocation.go:172.2,172.45 1 0
github.com/opencenter-cloud/opencenter-cli/internal/secrets/revocation.go:172.45,173.58 1 0
github.com/opencenter-cloud/opencenter-cli/internal/secrets/revocation.go:173.58,176.4 1 0
github.com/opencenter-cloud/opencenter-cli/internal/secrets/revocation.go:180.2,181.16 2 0
github.com/opencenter-cloud/opencenter-cli/internal/secrets/revocation.go:181.16,184.3 2 0
github.com/opencenter-cloud/opencenter-cli/internal/secrets/revocation.go:187.2,188.16 2 0
github.com/opencenter-cloud/opencenter-cli/internal/secrets/revocation.go:188.16,191.64 2 0
github.com/opencenter-cloud/opencenter-cli/internal/secrets/revocation.go:191.64,194.4 2 0
github.com/opencenter-cloud/opencenter-cli/internal/secrets/revocation.go:195.3,195.90 1 0
github.com/opencenter-cloud/opencenter-cli/internal/secrets/revocation.go:199.2,204.31 3 0
github.com/opencenter-cloud/opencenter-cli/internal/secrets/revocation.go:204.31,212.101 5 0
github.com/opencenter-cloud/opencenter-cli/internal/secrets/revocation.go:212.101,215.4 1 0
github.com/opencenter-cloud/opencenter-cli/internal/secrets/revocation.go:218.2,224.20 2 0
github.com/opencenter-cloud/opencenter-cli/internal/secrets/revocation.go:236.117,240.28 2 0
github.com/opencenter-cloud/opencenter-cli/internal/secrets/revocation.go:240.28,242.3 1 0
github.com/opencenter-cloud/opencenter-cli/internal/secrets/revocation.go:245.2,246.16 2 0
github.com/opencenter-cloud/opencenter-cli/internal/secrets/revocation.go:246.16,248.3 1 0
github.com/opencenter-cloud/opencenter-cli/internal/secrets/revocation.go:251.2,252.27 2 0
github.com/opencenter-cloud/opencenter-cli/internal/secrets/revocation.go:252.27,253.104 1 0
github.com/opencenter-cloud/opencenter-cli/internal/secrets/revocation.go:253.104,255.9 2 0
github.com/opencenter-cloud/opencenter-cli/internal/secrets/revocation.go:259.2,259.22 1 0
github.com/opencenter-cloud/opencenter-cli/internal/secrets/revocation.go:259.22,264.3 1 0
github.com/opencenter-cloud/opencenter-cli/internal/secrets/revocation.go:267.2,268.27 2 0
github.com/opencenter-cloud/opencenter-cli/internal/secrets/revocation.go:268.27,269.65 1 0
github.com/opencenter-cloud/opencenter-cli/internal/secrets/revocation.go:269.65,271.4 1 0
github.com/opencenter-cloud/opencenter-cli/internal/secrets/revocation.go:274.2,274.25 1 0
github.com/opencenter-cloud/opencenter-cli/internal/secrets/revocation.go:274.25,279.3 1 0
github.com/opencenter-cloud/opencenter-cli/internal/secrets/revocation.go:281.2,288.17 2 0
github.com/opencenter-cloud/opencenter-cli/internal/secrets/revocation.go:288.17,293.3 2 0
github.com/opencenter-cloud/opencenter-cli/internal/secrets/revocation.go:296.2,300.16 3 0
github.com/opencenter-cloud/opencenter-cli/internal/secrets/revocation.go:300.16,302.3 1 0
github.com/opencenter-cloud/opencenter-cli/internal/secrets/revocation.go:304.2,305.16 2 0
github.com/opencenter-cloud/opencenter-cli/internal/secrets/revocation.go:305.16,307.3 1 0
github.com/opencenter-cloud/opencenter-cli/internal/secrets/revocation.go:309.2,312.59 2 0
github.com/opencenter-cloud/opencenter-cli/internal/secrets/revocation.go:312.59,314.3 1 0
github.com/opencenter-cloud/opencenter-cli/internal/secrets/revocation.go:317.2,318.16 2 0
github.com/opencenter-cloud/opencenter-cli/internal/secrets/revocation.go:318.16,320.3 1 0
github.com/opencenter-cloud/opencenter-cli/internal/secrets/revocation.go:322.2,322.45 1 0
github.com/opencenter-cloud/opencenter-cli/internal/secrets/revocation.go:322.45,323.58 1 0
github.com/opencenter-cloud/opencenter-cli/internal/secrets/revocation.go:323.58,326.4 1 0
github.com/opencenter-cloud/opencenter-cli/internal/secrets/revocation.go:330.2,331.16 2 0
github.com/opencenter-cloud/opencenter-cli/internal/secrets/revocation.go:331.16,334.3 2 0
github.com/opencenter-cloud/opencenter-cli/internal/secrets/revocation.go:337.2,338.16 2 0
github.com/opencenter-cloud/opencenter-cli/internal/secrets/revocation.go:338.16,341.64 2 0
github.com/opencenter-cloud/opencenter-cli/internal/secrets/revocation.go:341.64,344.4 2 0
github.com/opencenter-cloud/opencenter-cli/internal/secrets/revocation.go:345.3,345.90 1 0
github.com/opencenter-cloud/opencenter-cli/internal/secrets/revocation.go:349.2,358.100 6 0
github.com/opencenter-cloud/opencenter-cli/internal/secrets/revocation.go:358.100,361.3 1 0
github.com/opencenter-cloud/opencenter-cli/internal/secrets/revocation.go:363.2,368.20 2 0
github.com/opencenter-cloud/opencenter-cli/internal/secrets/revocation.go:377.129,390.16 5 0
github.com/opencenter-cloud/opencenter-cli/internal/secrets/revocation.go:390.16,392.3 1 0
github.com/opencenter-cloud/opencenter-cli/internal/secrets/revocation.go:394.2,408.16 4 0
github.com/opencenter-cloud/opencenter-cli/internal/secrets/revocation.go:408.16,410.3 1 0
github.com/opencenter-cloud/opencenter-cli/internal/secrets/revocation.go:413.2,421.30 3 0
github.com/opencenter-cloud/opencenter-cli/internal/secrets/revocation.go:429.83,432.34 1 0
github.com/opencenter-cloud/opencenter-cli/internal/secrets/revocation.go:432.34,433.24 1 0
github.com/opencenter-cloud/opencenter-cli/internal/secrets/revocation.go:433.24,435.4 1 0
github.com/opencenter-cloud/opencenter-cli/internal/secrets/revocation.go:437.2,437.14 1 0
github.com/opencenter-cloud/opencenter-cli/internal/secrets/revocation.go:442.134,447.16 3 0
github.com/opencenter-cloud/opencenter-cli/internal/secrets/revocation.go:447.16,449.3 1 0
github.com/opencenter-cloud/opencenter-cli/internal/secrets/revocation.go:452.2,453.16 2 0
github.com/opencenter-cloud/opencenter-cli/internal/secrets/revocation.go:453.16,455.3 1 0
github.com/opencenter-cloud/opencenter-cli/internal/secrets/revocation.go:457.2,461.16 3 0
github.com/opencenter-cloud/opencenter-cli/internal/secrets/revocation.go:461.16,463.3 1 0
github.com/opencenter-cloud/opencenter-cli/internal/secrets/revocation.go:466.2,474.58 2 0
github.com/opencenter-cloud/opencenter-cli/internal/secrets/revocation.go:474.58,476.3 1 0
github.com/opencenter-cloud/opencenter-cli/internal/secrets/revocation.go:479.2,480.35 2 0
github.com/opencenter-cloud/opencenter-cli/internal/secrets/revocation.go:480.35,482.3 1 0
github.com/opencenter-cloud/opencenter-cli/internal/secrets/revocation.go:485.2,486.16 2 0
github.com/opencenter-cloud/opencenter-cli/internal/secrets/revocation.go:486.16,488.3 1 0
github.com/opencenter-cloud/opencenter-cli/internal/secrets/revocation.go:491.2,492.30 2 0
github.com/opencenter-cloud/opencenter-cli/internal/secrets/revocation.go:492.30,493.100 1 0
github.com/opencenter-cloud/opencenter-cli/internal/secrets/revocation.go:493.100,495.4 1 0
github.com/opencenter-cloud/opencenter-cli/internal/secrets/revocation.go:498.2,498.29 1 0
github.com/opencenter-cloud/opencenter-cli/internal/secrets/revocation.go:498.29,500.3 1 0
github.com/opencenter-cloud/opencenter-cli/internal/secrets/revocation.go:503.2,504.36 2 0
github.com/opencenter-cloud/opencenter-cli/internal/secrets/revocation.go:504.36,505.12 1 0
github.com/opencenter-cloud/opencenter-cli/internal/secrets/revocation.go:505.12,507.4 1 0
github.com/opencenter-cloud/opencenter-cli/internal/secrets/revocation.go:508.3,508.26 1 0
github.com/opencenter-cloud/opencenter-cli/internal/secrets/revocation.go:511.2,511.42 1 0
github.com/opencenter-cloud/opencenter-cli/internal/secrets/revocation.go:511.42,512.44 1 0
github.com/opencenter-cloud/opencenter-cli/internal/secrets/revocation.go:512.44,514.4 1 0
github.com/opencenter-cloud/opencenter-cli/internal/secrets/revocation.go:518.2,519.16 2 0
github.com/opencenter-cloud/opencenter-cli/internal/secrets/revocation.go:519.16,521.3 1 0
github.com/opencenter-cloud/opencenter-cli/internal/secrets/revocation.go:523.2,523.73 1 0
github.com/opencenter-cloud/opencenter-cli/internal/secrets/revocation.go:523.73,525.3 1 0
github.com/opencenter-cloud/opencenter-cli/internal/secrets/revocation.go:527.2,532.27 2 0
github.com/opencenter-cloud/opencenter-cli/internal/secrets/revocation.go:536.126,541.16 3 0
github.com/opencenter-cloud/opencenter-cli/internal/secrets/revocation.go:541.16,543.3 1 0
github.com/opencenter-cloud/opencenter-cli/internal/secrets/revocation.go:546.2,547.16 2 0
github.com/opencenter-cloud/opencenter-cli/internal/secrets/revocation.go:547.16,549.3 1 0
github.com/opencenter-cloud/opencenter-cli/internal/secrets/revocation.go:552.2,553.16 2 0
github.com/opencenter-cloud/opencenter-cli/internal/secrets/revocation.go:553.16,555.3 1 0
github.com/opencenter-cloud/opencenter-cli/internal/secrets/revocation.go:557.2,566.45 5 0
github.com/opencenter-cloud/opencenter-cli/internal/secrets/revocation.go:566.45,571.17 3 0
github.com/opencenter-cloud/opencenter-cli/internal/secrets/revocation.go:571.17,573.12 2 0
github.com/opencenter-cloud/opencenter-cli/internal/secrets/revocation.go:576.3,576.19 1 0
github.com/opencenter-cloud/opencenter-cli/internal/secrets/revocation.go:576.19,578.12 2 0
github.com/opencenter-cloud/opencenter-cli/internal/secrets/revocation.go:582.3,586.80 3 0
github.com/opencenter-cloud/opencenter-cli/internal/secrets/revocation.go:586.80,588.12 2 0
github.com/opencenter-cloud/opencenter-cli/internal/secrets/revocation.go:594.3,597.18 1 0
github.com/opencenter-cloud/opencenter-cli/internal/secrets/revocation.go:597.18,599.12 2 0
github.com/opencenter-cloud/opencenter-cli/internal/secrets/revocation.go:603.3,604.64 2 0
github.com/opencenter-cloud/opencenter-cli/internal/secrets/revocation.go:604.64,606.12 2 0
github.com/opencenter-cloud/opencenter-cli/internal/secrets/revocation.go:609.3,610.77 2 0
github.com/opencenter-cloud/opencenter-cli/internal/secrets/revocation.go:613.2,613.30 1 0
github.com/opencenter-cloud/opencenter-cli/internal/secrets/revocation.go:613.30,615.3 1 0
github.com/opencenter-cloud/opencenter-cli/internal/secrets/revocation.go:617.2,618.30 2 0
github.com/opencenter-cloud/opencenter-cli/internal/secrets/rollback.go:43.63,44.19 1 1
github.com/opencenter-cloud/opencenter-cli/internal/secrets/rollback.go:44.19,46.3 1 0
github.com/opencenter-cloud/opencenter-cli/internal/secrets/rollback.go:48.2,51.3 1 1
github.com/opencenter-cloud/opencenter-cli/internal/secrets/rollback.go:63.53,67.16 3 1
github.com/opencenter-cloud/opencenter-cli/internal/secrets/rollback.go:67.16,68.25 1 0
github.com/opencenter-cloud/opencenter-cli/internal/secrets/rollback.go:68.25,73.4 3 0
github.com/opencenter-cloud/opencenter-cli/internal/secrets/rollback.go:74.3,74.63 1 0
github.com/opencenter-cloud/opencenter-cli/internal/secrets/rollback.go:77.2,79.12 3 1
github.com/opencenter-cloud/opencenter-cli/internal/secrets/rollback.go:88.44,92.36 3 0
github.com/opencenter-cloud/opencenter-cli/internal/secrets/rollback.go:92.36,93.18 1 0
github.com/opencenter-cloud/opencenter-cli/internal/secrets/rollback.go:93.18,96.65 2 0
github.com/opencenter-cloud/opencenter-cli/internal/secrets/rollback.go:96.65,98.5 1 0
github.com/opencenter-cloud/opencenter-cli/internal/secrets/rollback.go:99.9,102.58 2 0
github.com/opencenter-cloud/opencenter-cli/internal/secrets/rollback.go:102.58,104.5 1 0
github.com/opencenter-cloud/opencenter-cli/internal/secrets/rollback.go:108.2,108.19 1 0
github.com/opencenter-cloud/opencenter-cli/internal/secrets/rollback.go:108.19,111.3 2 0
github.com/opencenter-cloud/opencenter-cli/internal/secrets/rollback.go:113.2,114.12 2 0
github.com/opencenter-cloud/opencenter-cli/internal/secrets/rollback.go:119.35,122.2 2 1
github.com/opencenter-cloud/opencenter-cli/internal/secrets/rollback.go:125.45,127.2 1 0
github.com/opencenter-cloud/opencenter-cli/internal/secrets/rollback.go:130.45,132.2 1 0
github.com/opencenter-cloud/opencenter-cli/internal/secrets/rotation.go:55.22,56.19 1 1
github.com/opencenter-cloud/opencenter-cli/internal/secrets/rotation.go:56.19,58.3 1 0
github.com/opencenter-cloud/opencenter-cli/internal/secrets/rotation.go:60.2,64.3 1 1
github.com/opencenter-cloud/opencenter-cli/internal/secrets/rotation.go:76.108,80.32 2 0
github.com/opencenter-cloud/opencenter-cli/internal/secrets/rotation.go:80.32,82.3 1 0
github.com/opencenter-cloud/opencenter-cli/internal/secrets/rotation.go:85.2,86.16 2 0
github.com/opencenter-cloud/opencenter-cli/internal/secrets/rotation.go:86.16,88.3 1 0
github.com/opencenter-cloud/opencenter-cli/internal/secrets/rotation.go:91.2,92.16 2 0
github.com/opencenter-cloud/opencenter-cli/internal/secrets/rotation.go:92.16,94.3 1 0
github.com/opencenter-cloud/opencenter-cli/internal/secrets/rotation.go:96.2,96.41 1 0
github.com/opencenter-cloud/opencenter-cli/internal/secrets/rotation.go:96.41,101.3 1 0
github.com/opencenter-cloud/opencenter-cli/internal/secrets/rotation.go:104.2,104.19 1 0
github.com/opencenter-cloud/opencenter-cli/internal/secrets/rotation.go:104.19,105.25 1 0
github.com/opencenter-cloud/opencenter-cli/internal/secrets/rotation.go:105.25,107.4 1 0
github.com/opencenter-cloud/opencenter-cli/internal/secrets/rotation.go:108.3,108.53 1 0
github.com/opencenter-cloud/opencenter-cli/internal/secrets/rotation.go:112.2,113.16 2 0
github.com/opencenter-cloud/opencenter-cli/internal/secrets/rotation.go:113.16,115.3 1 0
github.com/opencenter-cloud/opencenter-cli/internal/secrets/rotation.go:117.2,125.17 2 0
github.com/opencenter-cloud/opencenter-cli/internal/secrets/rotation.go:125.17,131.3 2 0
github.com/opencenter-cloud/opencenter-cli/internal/secrets/rotation.go:134.2,138.16 3 0
github.com/opencenter-cloud/opencenter-cli/internal/secrets/rotation.go:138.16,140.3 1 0
github.com/opencenter-cloud/opencenter-cli/internal/secrets/rotation.go:142.2,143.16 2 0
github.com/opencenter-cloud/opencenter-cli/internal/secrets/rotation.go:143.16,145.3 1 0
github.com/opencenter-cloud/opencenter-cli/internal/secrets/rotation.go:147.2,150.59 2 0
github.com/opencenter-cloud/opencenter-cli/internal/secrets/rotation.go:150.59,152.3 1 0
github.com/opencenter-cloud/opencenter-cli/internal/secrets/rotation.go:155.2,156.16 2 0
github.com/opencenter-cloud/opencenter-cli/internal/secrets/rotation.go:156.16,158.3 1 0
github.com/opencenter-cloud/opencenter-cli/internal/secrets/rotation.go:160.2,160.45 1 0
github.com/opencenter-cloud/opencenter-cli/internal/secrets/rotation.go:160.45,161.58 1 0
github.com/opencenter-cloud/opencenter-cli/internal/secrets/rotation.go:161.58,164.4 1 0
github.com/opencenter-cloud/opencenter-cli/internal/secrets/rotation.go:168.2,168.101 1 0
github.com/opencenter-cloud/opencenter-cli/internal/secrets/rotation.go:168.101,171.3 2 0
github.com/opencenter-cloud/opencenter-cli/internal/secrets/rotation.go:174.2,175.16 2 0
github.com/opencenter-cloud/opencenter-cli/internal/secrets/rotation.go:175.16,178.64 2 0
github.com/opencenter-cloud/opencenter-cli/internal/secrets/rotation.go:178.64,181.4 2 0
github.com/opencenter-cloud/opencenter-cli/internal/secrets/rotation.go:182.3,182.90 1 0
github.com/opencenter-cloud/opencenter-cli/internal/secrets/rotation.go:186.2,192.16 4 0
github.com/opencenter-cloud/opencenter-cli/internal/secrets/rotation.go:192.16,195.3 1 0
github.com/opencenter-cloud/opencenter-cli/internal/secrets/rotation.go:195.8,197.3 1 0
github.com/opencenter-cloud/opencenter-cli/internal/secrets/rotation.go:200.2,210.65 2 0
github.com/opencenter-cloud/opencenter-cli/internal/secrets/rotation.go:210.65,213.3 1 0
github.com/opencenter-cloud/opencenter-cli/internal/secrets/rotation.go:218.2,224.20 2 0
github.com/opencenter-cloud/opencenter-cli/internal/secrets/rotation.go:234.108,238.32 2 0
github.com/opencenter-cloud/opencenter-cli/internal/secrets/rotation.go:238.32,240.3 1 0
github.com/opencenter-cloud/opencenter-cli/internal/secrets/rotation.go:243.2,244.16 2 0
github.com/opencenter-cloud/opencenter-cli/internal/secrets/rotation.go:244.16,246.3 1 0
github.com/opencenter-cloud/opencenter-cli/internal/secrets/rotation.go:249.2,250.16 2 0
github.com/opencenter-cloud/opencenter-cli/internal/secrets/rotation.go:250.16,252.3 1 0
github.com/opencenter-cloud/opencenter-cli/internal/secrets/rotation.go:254.2,262.17 2 0
github.com/opencenter-cloud/opencenter-cli/internal/secrets/rotation.go:262.17,268.3 2 0
github.com/opencenter-cloud/opencenter-cli/internal/secrets/rotation.go:271.2,271.83 1 0
github.com/opencenter-cloud/opencenter-cli/internal/secrets/rotation.go:271.83,273.3 1 0
github.com/opencenter-cloud/opencenter-cli/internal/secrets/rotation.go:276.2,277.16 2 0
github.com/opencenter-cloud/opencenter-cli/internal/secrets/rotation.go:277.16,280.3 1 0
github.com/opencenter-cloud/opencenter-cli/internal/secrets/rotation.go:280.8,282.3 1 0
github.com/opencenter-cloud/opencenter-cli/internal/secrets/rotation.go:285.2,295.65 2 0
github.com/opencenter-cloud/opencenter-cli/internal/secrets/rotation.go:295.65,298.3 1 0
github.com/opencenter-cloud/opencenter-cli/internal/secrets/rotation.go:301.2,301.101 1 0
github.com/opencenter-cloud/opencenter-cli/internal/secrets/rotation.go:301.101,303.3 1 0
github.com/opencenter-cloud/opencenter-cli/internal/secrets/rotation.go:305.2,310.20 2 0
github.com/opencenter-cloud/opencenter-cli/internal/secrets/rotation.go:320.106,324.27 2 1
github.com/opencenter-cloud/opencenter-cli/internal/secrets/rotation.go:324.27,326.3 1 1
github.com/opencenter-cloud/opencenter-cli/internal/secrets/rotation.go:329.2,330.16 2 1
github.com/opencenter-cloud/opencenter-cli/internal/secrets/rotation.go:330.16,332.3 1 0
github.com/opencenter-cloud/opencenter-cli/internal/secrets/rotation.go:334.2,334.24 1 1
github.com/opencenter-cloud/opencenter-cli/internal/secrets/rotation.go:334.24,336.3 1 1
github.com/opencenter-cloud/opencenter-cli/internal/secrets/rotation.go:338.2,338.26 1 1
github.com/opencenter-cloud/opencenter-cli/internal/secrets/rotation.go:338.26,340.3 1 0
github.com/opencenter-cloud/opencenter-cli/internal/secrets/rotation.go:343.2,347.16 3 1
github.com/opencenter-cloud/opencenter-cli/internal/secrets/rotation.go:347.16,349.3 1 0
github.com/opencenter-cloud/opencenter-cli/internal/secrets/rotation.go:351.2,352.16 2 1
github.com/opencenter-cloud/opencenter-cli/internal/secrets/rotation.go:352.16,354.3 1 0
github.com/opencenter-cloud/opencenter-cli/internal/secrets/rotation.go:356.2,359.59 2 1
github.com/opencenter-cloud/opencenter-cli/internal/secrets/rotation.go:359.59,361.3 1 0
github.com/opencenter-cloud/opencenter-cli/internal/secrets/rotation.go:364.2,365.16 2 1
github.com/opencenter-cloud/opencenter-cli/internal/secrets/rotation.go:365.16,367.3 1 0
github.com/opencenter-cloud/opencenter-cli/internal/secrets/rotation.go:369.2,369.45 1 1
github.com/opencenter-cloud/opencenter-cli/internal/secrets/rotation.go:369.45,370.58 1 0
github.com/opencenter-cloud/opencenter-cli/internal/secrets/rotation.go:370.58,373.4 1 0
github.com/opencenter-cloud/opencenter-cli/internal/secrets/rotation.go:377.2,377.91 1 1
github.com/opencenter-cloud/opencenter-cli/internal/secrets/rotation.go:377.91,380.3 2 0
github.com/opencenter-cloud/opencenter-cli/internal/secrets/rotation.go:383.2,384.16 2 1
github.com/opencenter-cloud/opencenter-cli/internal/secrets/rotation.go:384.16,387.64 2 0
github.com/opencenter-cloud/opencenter-cli/internal/secrets/rotation.go:387.64,390.4 2 0
github.com/opencenter-cloud/opencenter-cli/internal/secrets/rotation.go:391.3,391.85 1 0
github.com/opencenter-cloud/opencenter-cli/internal/secrets/rotation.go:395.2,398.26 2 1
github.com/opencenter-cloud/opencenter-cli/internal/secrets/rotation.go:398.26,399.97 1 1
github.com/opencenter-cloud/opencenter-cli/internal/secrets/rotation.go:399.97,401.4 1 0
github.com/opencenter-cloud/opencenter-cli/internal/secrets/rotation.go:404.2,409.12 2 1
github.com/opencenter-cloud/opencenter-cli/internal/secrets/rotation.go:415.109,420.16 3 1
github.com/opencenter-cloud/opencenter-cli/internal/secrets/rotation.go:420.16,422.3 1 0
github.com/opencenter-cloud/opencenter-cli/internal/secrets/rotation.go:425.2,426.27 2 1
github.com/opencenter-cloud/opencenter-cli/internal/secrets/rotation.go:426.27,427.65 1 1
github.com/opencenter-cloud/opencenter-cli/internal/secrets/rotation.go:427.65,429.4 1 1
github.com/opencenter-cloud/opencenter-cli/internal/secrets/rotation.go:432.2,441.29 2 1
github.com/opencenter-cloud/opencenter-cli/internal/secrets/rotation.go:441.29,446.68 3 1
github.com/opencenter-cloud/opencenter-cli/internal/secrets/rotation.go:446.68,449.4 2 1
github.com/opencenter-cloud/opencenter-cli/internal/secrets/rotation.go:449.9,452.4 2 1
github.com/opencenter-cloud/opencenter-cli/internal/secrets/rotation.go:454.3,457.41 1 1
github.com/opencenter-cloud/opencenter-cli/internal/secrets/rotation.go:458.8,458.36 1 1
github.com/opencenter-cloud/opencenter-cli/internal/secrets/rotation.go:458.36,462.3 2 1
github.com/opencenter-cloud/opencenter-cli/internal/secrets/rotation.go:462.8,462.35 1 1
github.com/opencenter-cloud/opencenter-cli/internal/secrets/rotation.go:462.35,465.3 1 0
github.com/opencenter-cloud/opencenter-cli/internal/secrets/rotation.go:467.2,467.20 1 1
github.com/opencenter-cloud/opencenter-cli/internal/secrets/rotation.go:473.142,474.26 1 0
github.com/opencenter-cloud/opencenter-cli/internal/secrets/rotation.go:474.26,476.3 1 0
github.com/opencenter-cloud/opencenter-cli/internal/secrets/rotation.go:478.2,485.26 2 0
github.com/opencenter-cloud/opencenter-cli/internal/secrets/rotation.go:485.26,487.3 1 0
github.com/opencenter-cloud/opencenter-cli/internal/secrets/rotation.go:490.2,490.17 1 0
github.com/opencenter-cloud/opencenter-cli/internal/secrets/rotation.go:490.17,495.3 2 0
github.com/opencenter-cloud/opencenter-cli/internal/secrets/rotation.go:498.2,498.74 1 0
github.com/opencenter-cloud/opencenter-cli/internal/secrets/rotation.go:498.74,500.3 1 0
github.com/opencenter-cloud/opencenter-cli/internal/secrets/rotation.go:502.2,502.20 1 0
github.com/opencenter-cloud/opencenter-cli/internal/secrets/rotation.go:507.118,510.12 2 0
github.com/opencenter-cloud/opencenter-cli/internal/secrets/rotation.go:510.12,512.3 1 0
github.com/opencenter-cloud/opencenter-cli/internal/secrets/rotation.go:516.2,521.16 4 0
github.com/opencenter-cloud/opencenter-cli/internal/secrets/rotation.go:521.16,523.3 1 0
github.com/opencenter-cloud/opencenter-cli/internal/secrets/rotation.go:526.2,527.16 2 0
github.com/opencenter-cloud/opencenter-cli/internal/secrets/rotation.go:527.16,529.3 1 0
github.com/opencenter-cloud/opencenter-cli/internal/secrets/rotation.go:531.2,534.40 3 0
github.com/opencenter-cloud/opencenter-cli/internal/secrets/rotation.go:539.118,542.12 2 0
github.com/opencenter-cloud/opencenter-cli/internal/secrets/rotation.go:542.12,544.3 1 0
github.com/opencenter-cloud/opencenter-cli/internal/secrets/rotation.go:547.2,548.16 2 0
github.com/opencenter-cloud/opencenter-cli/internal/secrets/rotation.go:548.16,550.3 1 0
github.com/opencenter-cloud/opencenter-cli/internal/secrets/rotation.go:552.2,553.51 2 0
github.com/opencenter-cloud/opencenter-cli/internal/secrets/rotation.go:553.51,555.3 1 0
github.com/opencenter-cloud/opencenter-cli/internal/secrets/rotation.go:557.2,569.16 5 0
github.com/opencenter-cloud/opencenter-cli/internal/secrets/rotation.go:569.16,571.3 1 0
github.com/opencenter-cloud/opencenter-cli/internal/secrets/rotation.go:574.2,575.16 2 0
github.com/opencenter-cloud/opencenter-cli/internal/secrets/rotation.go:575.16,577.3 1 0
github.com/opencenter-cloud/opencenter-cli/internal/secrets/rotation.go:579.2,582.32 3 0
github.com/opencenter-cloud/opencenter-cli/internal/secrets/rotation.go:586.126,591.16 3 0
github.com/opencenter-cloud/opencenter-cli/internal/secrets/rotation.go:591.16,593.3 1 0
github.com/opencenter-cloud/opencenter-cli/internal/secrets/rotation.go:596.2,597.16 2 0
github.com/opencenter-cloud/opencenter-cli/internal/secrets/rotation.go:597.16,599.3 1 0
github.com/opencenter-cloud/opencenter-cli/internal/secrets/rotation.go:601.2,605.16 3 0
github.com/opencenter-cloud/opencenter-cli/internal/secrets/rotation.go:605.16,607.3 1 0
github.com/opencenter-cloud/opencenter-cli/internal/secrets/rotation.go:610.2,618.58 2 0
github.com/opencenter-cloud/opencenter-cli/internal/secrets/rotation.go:618.58,620.3 1 0
github.com/opencenter-cloud/opencenter-cli/internal/secrets/rotation.go:623.2,624.42 2 0
github.com/opencenter-cloud/opencenter-cli/internal/secrets/rotation.go:624.42,625.44 1 0
github.com/opencenter-cloud/opencenter-cli/internal/secrets/rotation.go:625.44,627.4 1 0
github.com/opencenter-cloud/opencenter-cli/internal/secrets/rotation.go:631.2,632.16 2 0
github.com/opencenter-cloud/opencenter-cli/internal/secrets/rotation.go:632.16,634.3 1 0
github.com/opencenter-cloud/opencenter-cli/internal/secrets/rotation.go:636.2,636.73 1 0
github.com/opencenter-cloud/opencenter-cli/internal/secrets/rotation.go:636.73,638.3 1 0
github.com/opencenter-cloud/opencenter-cli/internal/secrets/rotation.go:640.2,641.12 2 0
github.com/opencenter-cloud/opencenter-cli/internal/secrets/rotation.go:645.110,650.16 3 1
github.com/opencenter-cloud/opencenter-cli/internal/secrets/rotation.go:650.16,652.3 1 0
github.com/opencenter-cloud/opencenter-cli/internal/secrets/rotation.go:655.2,656.16 2 1
github.com/opencenter-cloud/opencenter-cli/internal/secrets/rotation.go:656.16,658.3 1 0
github.com/opencenter-cloud/opencenter-cli/internal/secrets/rotation.go:660.2,664.16 3 1
github.com/opencenter-cloud/opencenter-cli/internal/secrets/rotation.go:664.16,666.3 1 0
github.com/opencenter-cloud/opencenter-cli/internal/secrets/rotation.go:669.2,677.58 2 1
github.com/opencenter-cloud/opencenter-cli/internal/secrets/rotation.go:677.58,679.3 1 0
github.com/opencenter-cloud/opencenter-cli/internal/secrets/rotation.go:682.2,682.42 1 1
github.com/opencenter-cloud/opencenter-cli/internal/secrets/rotation.go:682.42,683.44 1 1
github.com/opencenter-cloud/opencenter-cli/internal/secrets/rotation.go:683.44,685.4 1 1
github.com/opencenter-cloud/opencenter-cli/internal/secrets/rotation.go:689.2,690.16 2 1
github.com/opencenter-cloud/opencenter-cli/internal/secrets/rotation.go:690.16,692.3 1 0
github.com/opencenter-cloud/opencenter-cli/internal/secrets/rotation.go:694.2,694.73 1 1
github.com/opencenter-cloud/opencenter-cli/internal/secrets/rotation.go:694.73,696.3 1 0
github.com/opencenter-cloud/opencenter-cli/internal/secrets/rotation.go:698.2,699.12 2 1
github.com/opencenter-cloud/opencenter-cli/internal/secrets/rotation.go:703.118,708.16 3 1
github.com/opencenter-cloud/opencenter-cli/internal/secrets/rotation.go:708.16,710.3 1 0
github.com/opencenter-cloud/opencenter-cli/internal/secrets/rotation.go:713.2,714.16 2 1
github.com/opencenter-cloud/opencenter-cli/internal/secrets/rotation.go:714.16,716.3 1 0
github.com/opencenter-cloud/opencenter-cli/internal/secrets/rotation.go:719.2,720.16 2 1
github.com/opencenter-cloud/opencenter-cli/internal/secrets/rotation.go:720.16,722.3 1 0
github.com/opencenter-cloud/opencenter-cli/internal/secrets/rotation.go:724.2,733.45 5 1
github.com/opencenter-cloud/opencenter-cli/internal/secrets/rotation.go:733.45,738.17 3 0
github.com/opencenter-cloud/opencenter-cli/internal/secrets/rotation.go:738.17,740.12 2 0
github.com/opencenter-cloud/opencenter-cli/internal/secrets/rotation.go:743.3,743.19 1 0
github.com/opencenter-cloud/opencenter-cli/internal/secrets/rotation.go:743.19,745.12 2 0
github.com/opencenter-cloud/opencenter-cli/internal/secrets/rotation.go:749.3,753.80 3 0
github.com/opencenter-cloud/opencenter-cli/internal/secrets/rotation.go:753.80,755.12 2 0
github.com/opencenter-cloud/opencenter-cli/internal/secrets/rotation.go:759.3,765.81 2 0
github.com/opencenter-cloud/opencenter-cli/internal/secrets/rotation.go:765.81,767.12 2 0
github.com/opencenter-cloud/opencenter-cli/internal/secrets/rotation.go:771.3,771.70 1 0
github.com/opencenter-cloud/opencenter-cli/internal/secrets/rotation.go:771.70,773.12 2 0
github.com/opencenter-cloud/opencenter-cli/internal/secrets/rotation.go:776.3,777.77 2 0
github.com/opencenter-cloud/opencenter-cli/internal/secrets/rotation.go:780.2,780.30 1 1
github.com/opencenter-cloud/opencenter-cli/internal/secrets/rotation.go:780.30,782.3 1 0
github.com/opencenter-cloud/opencenter-cli/internal/secrets/rotation.go:784.2,785.30 2 1
github.com/opencenter-cloud/opencenter-cli/internal/secrets/rotation.go:789.110,794.16 3 0
github.com/opencenter-cloud/opencenter-cli/internal/secrets/rotation.go:794.16,796.3 1 0
github.com/opencenter-cloud/opencenter-cli/internal/secrets/rotation.go:799.2,800.16 2 0
github.com/opencenter-cloud/opencenter-cli/internal/secrets/rotation.go:800.16,802.3 1 0
github.com/opencenter-cloud/opencenter-cli/internal/secrets/rotation.go:805.2,806.51 2 0
github.com/opencenter-cloud/opencenter-cli/internal/secrets/rotation.go:806.51,808.3 1 0
github.com/opencenter-cloud/opencenter-cli/internal/secrets/rotation.go:812.2,812.64 1 0
github.com/opencenter-cloud/opencenter-cli/internal/secrets/rotation.go:812.64,815.3 2 0
github.com/opencenter-cloud/opencenter-cli/internal/secrets/rotation.go:815.8,821.3 1 0
github.com/opencenter-cloud/opencenter-cli/internal/secrets/rotation.go:824.2,825.16 2 0
github.com/opencenter-cloud/opencenter-cli/internal/secrets/rotation.go:825.16,827.3 1 0
github.com/opencenter-cloud/opencenter-cli/internal/secrets/rotation.go:829.2,829.69 1 0
github.com/opencenter-cloud/opencenter-cli/internal/secrets/rotation.go:829.69,831.3 1 0
github.com/opencenter-cloud/opencenter-cli/internal/secrets/rotation.go:833.2,834.12 2 0
github.com/opencenter-cloud/opencenter-cli/internal/secrets/rotation.go:838.130,843.16 3 0
github.com/opencenter-cloud/opencenter-cli/internal/secrets/rotation.go:843.16,845.3 1 0
github.com/opencenter-cloud/opencenter-cli/internal/secrets/rotation.go:847.2,848.55 2 0
github.com/opencenter-cloud/opencenter-cli/internal/secrets/rotation.go:848.55,850.3 1 0
github.com/opencenter-cloud/opencenter-cli/internal/secrets/rotation.go:853.2,859.27 5 0
github.com/opencenter-cloud/opencenter-cli/internal/secrets/rotation.go:859.27,861.3 1 0
github.com/opencenter-cloud/opencenter-cli/internal/secrets/rotation.go:861.8,861.34 1 0
github.com/opencenter-cloud/opencenter-cli/internal/secrets/rotation.go:861.34,869.17 3 0
github.com/opencenter-cloud/opencenter-cli/internal/secrets/rotation.go:869.17,871.4 1 0
github.com/opencenter-cloud/opencenter-cli/internal/secrets/rotation.go:874.3,876.30 3 0
github.com/opencenter-cloud/opencenter-cli/internal/secrets/rotation.go:876.30,877.64 1 0
github.com/opencenter-cloud/opencenter-cli/internal/secrets/rotation.go:877.64,879.19 2 0
github.com/opencenter-cloud/opencenter-cli/internal/secrets/rotation.go:879.19,880.14 1 0
github.com/opencenter-cloud/opencenter-cli/internal/secrets/rotation.go:882.5,882.61 1 0
github.com/opencenter-cloud/opencenter-cli/internal/secrets/rotation.go:882.61,885.6 2 0
github.com/opencenter-cloud/opencenter-cli/internal/secrets/rotation.go:889.3,889.23 1 0
github.com/opencenter-cloud/opencenter-cli/internal/secrets/rotation.go:889.23,891.4 1 0
github.com/opencenter-cloud/opencenter-cli/internal/secrets/rotation.go:893.3,893.52 1 0
github.com/opencenter-cloud/opencenter-cli/internal/secrets/rotation.go:894.8,896.3 1 0
github.com/opencenter-cloud/opencenter-cli/internal/secrets/rotation.go:899.2,899.58 1 0
github.com/opencenter-cloud/opencenter-cli/internal/secrets/rotation.go:899.58,902.3 2 0
github.com/opencenter-cloud/opencenter-cli/internal/secrets/rotation.go:905.2,906.16 2 0
github.com/opencenter-cloud/opencenter-cli/internal/secrets/rotation.go:906.16,908.3 1 0
github.com/opencenter-cloud/opencenter-cli/internal/secrets/rotation.go:910.2,910.69 1 0
github.com/opencenter-cloud/opencenter-cli/internal/secrets/rotation.go:910.69,912.3 1 0
github.com/opencenter-cloud/opencenter-cli/internal/secrets/rotation.go:915.2,915.27 1 0
github.com/opencenter-cloud/opencenter-cli/internal/secrets/rotation.go:915.27,917.48 2 0
github.com/opencenter-cloud/opencenter-cli/internal/secrets/rotation.go:917.48,920.18 3 0
github.com/opencenter-cloud/opencenter-cli/internal/secrets/rotation.go:920.18,922.5 1 0
github.com/opencenter-cloud/opencenter-cli/internal/secrets/rotation.go:926.2,927.25 2 0
